<?xml version="1.0" encoding="utf-8"?>
<CoverageSession>
  <Summary numSequencePoints="2725" visitedSequencePoints="105" numBranchPoints="802" visitedBranchPoints="19" sequenceCoverage="3.85" branchCoverage="2.36" maxCyclomaticComplexity="532" minCyclomaticComplexity="0" visitedClasses="4" numClasses="98" visitedMethods="25" numMethods="445" />
  <Modules>
    <Module hash="CB0A7571-25AD-46FD-9533-9D2BCB52BE56">
      <ModulePath>NeoServer.Game.Model.dll</ModulePath>
      <ModuleTime>2020-04-02T05:50:39</ModuleTime>
      <ModuleName>NeoServer.Game.Model</ModuleName>
      <Files>
        <File uid="1" fullPath="/home/caio/sources/neoserver/NeoServer.Game.Model/Chat/Speech.cs" />
        <File uid="2" fullPath="/home/caio/sources/neoserver/NeoServer.Game.Model/Thing.cs" />
        <File uid="3" fullPath="/home/caio/sources/neoserver/NeoServer.Game.Model/ThingStateChangedEventArgs.cs" />
        <File uid="4" fullPath="/home/caio/sources/neoserver/NeoServer.Game.Model/Events/PlayerAddedOnMapEvent.cs" />
        <File uid="5" fullPath="/home/caio/sources/neoserver/NeoServer.Game.Model/Events/PlayerTurnToDirectionEvent.cs" />
        <File uid="6" fullPath="/home/caio/sources/neoserver/NeoServer.Game.Model/Events/ThingRemovedFromTileEvent.cs" />
      </Files>
      <Classes>
        <Class>
          <Summary numSequencePoints="4" visitedSequencePoints="0" numBranchPoints="0" visitedBranchPoints="0" sequenceCoverage="0" branchCoverage="100" maxCyclomaticComplexity="1" minCyclomaticComplexity="1" visitedClasses="0" numClasses="1" visitedMethods="0" numMethods="4" />
          <FullName>COMMO.Server.Data.Models.Structs.Speech</FullName>
          <Methods>
            <Method cyclomaticComplexity="1" nPathComplexity="0" sequenceCoverage="0" branchCoverage="100" isConstructor="False" isGetter="True" isSetter="False" isStatic="True">
              <Summary numSequencePoints="1" visitedSequencePoints="0" numBranchPoints="0" visitedBranchPoints="0" sequenceCoverage="0" branchCoverage="100" maxCyclomaticComplexity="1" minCyclomaticComplexity="1" visitedClasses="0" numClasses="0" visitedMethods="0" numMethods="1" />
              <MetadataToken />
              <Name>NeoServer.Server.Model.Chat.SpeechType COMMO.Server.Data.Models.Structs.Speech::get_Type()</Name>
              <FileRef uid="1" />
              <SequencePoints>
                <SequencePoint vc="0" uspid="13" ordinal="0" sl="13" sc="1" el="13" ec="2" bec="0" bev="0" fileid="1" />
              </SequencePoints>
              <BranchPoints />
              <MethodPoint vc="0" uspid="0" p8:type="SequencePoint" ordinal="0" offset="0" sc="0" sl="13" ec="1" el="13" bec="0" bev="0" fileid="1" xmlns:p8="xsi" />
            </Method>
            <Method cyclomaticComplexity="1" nPathComplexity="0" sequenceCoverage="0" branchCoverage="100" isConstructor="False" isGetter="True" isSetter="False" isStatic="True">
              <Summary numSequencePoints="1" visitedSequencePoints="0" numBranchPoints="0" visitedBranchPoints="0" sequenceCoverage="0" branchCoverage="100" maxCyclomaticComplexity="1" minCyclomaticComplexity="1" visitedClasses="0" numClasses="0" visitedMethods="0" numMethods="1" />
              <MetadataToken />
              <Name>System.String COMMO.Server.Data.Models.Structs.Speech::get_Receiver()</Name>
              <FileRef uid="1" />
              <SequencePoints>
                <SequencePoint vc="0" uspid="15" ordinal="0" sl="15" sc="1" el="15" ec="2" bec="0" bev="0" fileid="1" />
              </SequencePoints>
              <BranchPoints />
              <MethodPoint vc="0" uspid="0" p8:type="SequencePoint" ordinal="1" offset="1" sc="0" sl="15" ec="1" el="15" bec="0" bev="0" fileid="1" xmlns:p8="xsi" />
            </Method>
            <Method cyclomaticComplexity="1" nPathComplexity="0" sequenceCoverage="0" branchCoverage="100" isConstructor="False" isGetter="True" isSetter="False" isStatic="True">
              <Summary numSequencePoints="1" visitedSequencePoints="0" numBranchPoints="0" visitedBranchPoints="0" sequenceCoverage="0" branchCoverage="100" maxCyclomaticComplexity="1" minCyclomaticComplexity="1" visitedClasses="0" numClasses="0" visitedMethods="0" numMethods="1" />
              <MetadataToken />
              <Name>System.String COMMO.Server.Data.Models.Structs.Speech::get_Message()</Name>
              <FileRef uid="1" />
              <SequencePoints>
                <SequencePoint vc="0" uspid="17" ordinal="0" sl="17" sc="1" el="17" ec="2" bec="0" bev="0" fileid="1" />
              </SequencePoints>
              <BranchPoints />
              <MethodPoint vc="0" uspid="0" p8:type="SequencePoint" ordinal="2" offset="2" sc="0" sl="17" ec="1" el="17" bec="0" bev="0" fileid="1" xmlns:p8="xsi" />
            </Method>
            <Method cyclomaticComplexity="1" nPathComplexity="0" sequenceCoverage="0" branchCoverage="100" isConstructor="False" isGetter="True" isSetter="False" isStatic="True">
              <Summary numSequencePoints="1" visitedSequencePoints="0" numBranchPoints="0" visitedBranchPoints="0" sequenceCoverage="0" branchCoverage="100" maxCyclomaticComplexity="1" minCyclomaticComplexity="1" visitedClasses="0" numClasses="0" visitedMethods="0" numMethods="1" />
              <MetadataToken />
              <Name>NeoServer.Server.Model.Chat.ChatChannel COMMO.Server.Data.Models.Structs.Speech::get_ChannelId()</Name>
              <FileRef uid="1" />
              <SequencePoints>
                <SequencePoint vc="0" uspid="19" ordinal="0" sl="19" sc="1" el="19" ec="2" bec="0" bev="0" fileid="1" />
              </SequencePoints>
              <BranchPoints />
              <MethodPoint vc="0" uspid="0" p8:type="SequencePoint" ordinal="3" offset="3" sc="0" sl="19" ec="1" el="19" bec="0" bev="0" fileid="1" xmlns:p8="xsi" />
            </Method>
          </Methods>
        </Class>
        <Class>
          <Summary numSequencePoints="31" visitedSequencePoints="0" numBranchPoints="8" visitedBranchPoints="0" sequenceCoverage="0" branchCoverage="0" maxCyclomaticComplexity="4" minCyclomaticComplexity="1" visitedClasses="0" numClasses="1" visitedMethods="0" numMethods="8" />
          <FullName>NeoServer.Game.Model.Thing</FullName>
          <Methods>
            <Method cyclomaticComplexity="1" nPathComplexity="0" sequenceCoverage="0" branchCoverage="100" isConstructor="False" isGetter="True" isSetter="False" isStatic="True">
              <Summary numSequencePoints="3" visitedSequencePoints="0" numBranchPoints="0" visitedBranchPoints="0" sequenceCoverage="0" branchCoverage="100" maxCyclomaticComplexity="1" minCyclomaticComplexity="1" visitedClasses="0" numClasses="0" visitedMethods="0" numMethods="1" />
              <MetadataToken />
              <Name>NeoServer.Game.Enums.Location.Structs.Location NeoServer.Game.Model.Thing::get_Location()</Name>
              <FileRef uid="2" />
              <SequencePoints>
                <SequencePoint vc="0" uspid="29" ordinal="0" sl="29" sc="1" el="29" ec="2" bec="0" bev="0" fileid="2" />
                <SequencePoint vc="0" uspid="30" ordinal="1" sl="30" sc="1" el="30" ec="2" bec="0" bev="0" fileid="2" />
                <SequencePoint vc="0" uspid="31" ordinal="2" sl="31" sc="1" el="31" ec="2" bec="0" bev="0" fileid="2" />
              </SequencePoints>
              <BranchPoints />
              <MethodPoint vc="0" uspid="0" p8:type="SequencePoint" ordinal="0" offset="0" sc="0" sl="29" ec="1" el="31" bec="0" bev="0" fileid="2" xmlns:p8="xsi" />
            </Method>
            <Method cyclomaticComplexity="4" nPathComplexity="0" sequenceCoverage="0" branchCoverage="0" isConstructor="False" isGetter="False" isSetter="True" isStatic="True">
              <Summary numSequencePoints="8" visitedSequencePoints="0" numBranchPoints="4" visitedBranchPoints="0" sequenceCoverage="0" branchCoverage="0" maxCyclomaticComplexity="4" minCyclomaticComplexity="4" visitedClasses="0" numClasses="0" visitedMethods="0" numMethods="1" />
              <MetadataToken />
              <Name>System.Void NeoServer.Game.Model.Thing::set_Location(NeoServer.Game.Enums.Location.Structs.Location)</Name>
              <FileRef uid="2" />
              <SequencePoints>
                <SequencePoint vc="0" uspid="34" ordinal="0" sl="34" sc="1" el="34" ec="2" bec="0" bev="0" fileid="2" />
                <SequencePoint vc="0" uspid="35" ordinal="1" sl="35" sc="1" el="35" ec="2" bec="0" bev="0" fileid="2" />
                <SequencePoint vc="0" uspid="36" ordinal="2" sl="36" sc="1" el="36" ec="2" bec="0" bev="0" fileid="2" />
                <SequencePoint vc="0" uspid="37" ordinal="3" sl="37" sc="1" el="37" ec="2" bec="0" bev="0" fileid="2" />
                <SequencePoint vc="0" uspid="38" ordinal="4" sl="38" sc="1" el="38" ec="2" bec="0" bev="0" fileid="2" />
                <SequencePoint vc="0" uspid="39" ordinal="5" sl="39" sc="1" el="39" ec="2" bec="0" bev="0" fileid="2" />
                <SequencePoint vc="0" uspid="40" ordinal="6" sl="40" sc="1" el="40" ec="2" bec="0" bev="0" fileid="2" />
                <SequencePoint vc="0" uspid="41" ordinal="7" sl="41" sc="1" el="41" ec="2" bec="0" bev="0" fileid="2" />
              </SequencePoints>
              <BranchPoints>
                <BranchPoint vc="0" uspid="37" ordinal="0" path="0" offset="29" offsetend="31" sl="37" fileid="2" />
                <BranchPoint vc="0" uspid="39" ordinal="2" path="0" offset="39" offsetend="41" sl="39" fileid="2" />
                <BranchPoint vc="0" uspid="39" ordinal="3" path="1" offset="39" offsetend="44" sl="39" fileid="2" />
                <BranchPoint vc="0" uspid="37" ordinal="1" path="1" offset="29" offsetend="69" sl="37" fileid="2" />
              </BranchPoints>
              <MethodPoint vc="0" uspid="0" p8:type="SequencePoint" ordinal="1" offset="1" sc="0" sl="34" ec="1" el="41" bec="0" bev="0" fileid="2" xmlns:p8="xsi" />
            </Method>
            <Method cyclomaticComplexity="1" nPathComplexity="0" sequenceCoverage="0" branchCoverage="100" isConstructor="False" isGetter="True" isSetter="False" isStatic="True">
              <Summary numSequencePoints="3" visitedSequencePoints="0" numBranchPoints="0" visitedBranchPoints="0" sequenceCoverage="0" branchCoverage="100" maxCyclomaticComplexity="1" minCyclomaticComplexity="1" visitedClasses="0" numClasses="0" visitedMethods="0" numMethods="1" />
              <MetadataToken />
              <Name>NeoServer.Game.Contracts.ITile NeoServer.Game.Model.Thing::get_Tile()</Name>
              <FileRef uid="2" />
              <SequencePoints>
                <SequencePoint vc="0" uspid="47" ordinal="0" sl="47" sc="1" el="47" ec="2" bec="0" bev="0" fileid="2" />
                <SequencePoint vc="0" uspid="48" ordinal="1" sl="48" sc="1" el="48" ec="2" bec="0" bev="0" fileid="2" />
                <SequencePoint vc="0" uspid="49" ordinal="2" sl="49" sc="1" el="49" ec="2" bec="0" bev="0" fileid="2" />
              </SequencePoints>
              <BranchPoints />
              <MethodPoint vc="0" uspid="0" p8:type="SequencePoint" ordinal="2" offset="2" sc="0" sl="47" ec="1" el="49" bec="0" bev="0" fileid="2" xmlns:p8="xsi" />
            </Method>
            <Method cyclomaticComplexity="2" nPathComplexity="0" sequenceCoverage="0" branchCoverage="0" isConstructor="False" isGetter="False" isSetter="True" isStatic="True">
              <Summary numSequencePoints="7" visitedSequencePoints="0" numBranchPoints="2" visitedBranchPoints="0" sequenceCoverage="0" branchCoverage="0" maxCyclomaticComplexity="2" minCyclomaticComplexity="2" visitedClasses="0" numClasses="0" visitedMethods="0" numMethods="1" />
              <MetadataToken />
              <Name>System.Void NeoServer.Game.Model.Thing::set_Tile(NeoServer.Game.Contracts.ITile)</Name>
              <FileRef uid="2" />
              <SequencePoints>
                <SequencePoint vc="0" uspid="52" ordinal="0" sl="52" sc="1" el="52" ec="2" bec="0" bev="0" fileid="2" />
                <SequencePoint vc="0" uspid="53" ordinal="1" sl="53" sc="1" el="53" ec="2" bec="0" bev="0" fileid="2" />
                <SequencePoint vc="0" uspid="54" ordinal="2" sl="54" sc="1" el="54" ec="2" bec="0" bev="0" fileid="2" />
                <SequencePoint vc="0" uspid="55" ordinal="3" sl="55" sc="1" el="55" ec="2" bec="0" bev="0" fileid="2" />
                <SequencePoint vc="0" uspid="56" ordinal="4" sl="56" sc="1" el="56" ec="2" bec="0" bev="0" fileid="2" />
                <SequencePoint vc="0" uspid="57" ordinal="5" sl="57" sc="1" el="57" ec="2" bec="0" bev="0" fileid="2" />
                <SequencePoint vc="0" uspid="58" ordinal="6" sl="58" sc="1" el="58" ec="2" bec="0" bev="0" fileid="2" />
              </SequencePoints>
              <BranchPoints>
                <BranchPoint vc="0" uspid="53" ordinal="0" path="0" offset="7" offsetend="9" sl="53" fileid="2" />
                <BranchPoint vc="0" uspid="53" ordinal="1" path="1" offset="7" offsetend="24" sl="53" fileid="2" />
              </BranchPoints>
              <MethodPoint vc="0" uspid="0" p8:type="SequencePoint" ordinal="3" offset="3" sc="0" sl="52" ec="1" el="58" bec="0" bev="0" fileid="2" xmlns:p8="xsi" />
            </Method>
            <Method cyclomaticComplexity="1" nPathComplexity="0" sequenceCoverage="0" branchCoverage="100" isConstructor="False" isGetter="False" isSetter="False" isStatic="True">
              <Summary numSequencePoints="3" visitedSequencePoints="0" numBranchPoints="0" visitedBranchPoints="0" sequenceCoverage="0" branchCoverage="100" maxCyclomaticComplexity="1" minCyclomaticComplexity="1" visitedClasses="0" numClasses="0" visitedMethods="0" numMethods="1" />
              <MetadataToken />
              <Name>System.Byte NeoServer.Game.Model.Thing::GetStackPosition()</Name>
              <FileRef uid="2" />
              <SequencePoints>
                <SequencePoint vc="0" uspid="62" ordinal="0" sl="62" sc="1" el="62" ec="2" bec="0" bev="0" fileid="2" />
                <SequencePoint vc="0" uspid="63" ordinal="1" sl="63" sc="1" el="63" ec="2" bec="0" bev="0" fileid="2" />
                <SequencePoint vc="0" uspid="64" ordinal="2" sl="64" sc="1" el="64" ec="2" bec="0" bev="0" fileid="2" />
              </SequencePoints>
              <BranchPoints />
              <MethodPoint vc="0" uspid="0" p8:type="SequencePoint" ordinal="4" offset="4" sc="0" sl="62" ec="1" el="64" bec="0" bev="0" fileid="2" xmlns:p8="xsi" />
            </Method>
            <Method cyclomaticComplexity="1" nPathComplexity="0" sequenceCoverage="0" branchCoverage="100" isConstructor="False" isGetter="False" isSetter="False" isStatic="True">
              <Summary numSequencePoints="2" visitedSequencePoints="0" numBranchPoints="0" visitedBranchPoints="0" sequenceCoverage="0" branchCoverage="100" maxCyclomaticComplexity="1" minCyclomaticComplexity="1" visitedClasses="0" numClasses="0" visitedMethods="0" numMethods="1" />
              <MetadataToken />
              <Name>System.Void NeoServer.Game.Model.Thing::Added()</Name>
              <FileRef uid="2" />
              <SequencePoints>
                <SequencePoint vc="0" uspid="67" ordinal="0" sl="67" sc="1" el="67" ec="2" bec="0" bev="0" fileid="2" />
                <SequencePoint vc="0" uspid="69" ordinal="1" sl="69" sc="1" el="69" ec="2" bec="0" bev="0" fileid="2" />
              </SequencePoints>
              <BranchPoints />
              <MethodPoint vc="0" uspid="0" p8:type="SequencePoint" ordinal="5" offset="5" sc="0" sl="67" ec="1" el="69" bec="0" bev="0" fileid="2" xmlns:p8="xsi" />
            </Method>
            <Method cyclomaticComplexity="1" nPathComplexity="0" sequenceCoverage="0" branchCoverage="100" isConstructor="False" isGetter="False" isSetter="False" isStatic="True">
              <Summary numSequencePoints="2" visitedSequencePoints="0" numBranchPoints="0" visitedBranchPoints="0" sequenceCoverage="0" branchCoverage="100" maxCyclomaticComplexity="1" minCyclomaticComplexity="1" visitedClasses="0" numClasses="0" visitedMethods="0" numMethods="1" />
              <MetadataToken />
              <Name>System.Void NeoServer.Game.Model.Thing::Moved()</Name>
              <FileRef uid="2" />
              <SequencePoints>
                <SequencePoint vc="0" uspid="71" ordinal="0" sl="71" sc="1" el="71" ec="2" bec="0" bev="0" fileid="2" />
                <SequencePoint vc="0" uspid="73" ordinal="1" sl="73" sc="1" el="73" ec="2" bec="0" bev="0" fileid="2" />
              </SequencePoints>
              <BranchPoints />
              <MethodPoint vc="0" uspid="0" p8:type="SequencePoint" ordinal="6" offset="6" sc="0" sl="71" ec="1" el="73" bec="0" bev="0" fileid="2" xmlns:p8="xsi" />
            </Method>
            <Method cyclomaticComplexity="2" nPathComplexity="0" sequenceCoverage="0" branchCoverage="0" isConstructor="False" isGetter="False" isSetter="False" isStatic="True">
              <Summary numSequencePoints="3" visitedSequencePoints="0" numBranchPoints="2" visitedBranchPoints="0" sequenceCoverage="0" branchCoverage="0" maxCyclomaticComplexity="2" minCyclomaticComplexity="2" visitedClasses="0" numClasses="0" visitedMethods="0" numMethods="1" />
              <MetadataToken />
              <Name>System.Void NeoServer.Game.Model.Thing::Removed()</Name>
              <FileRef uid="2" />
              <SequencePoints>
                <SequencePoint vc="0" uspid="76" ordinal="0" sl="76" sc="1" el="76" ec="2" bec="0" bev="0" fileid="2" />
                <SequencePoint vc="0" uspid="77" ordinal="1" sl="77" sc="1" el="77" ec="2" bec="0" bev="0" fileid="2" />
                <SequencePoint vc="0" uspid="78" ordinal="2" sl="78" sc="1" el="78" ec="2" bec="0" bev="0" fileid="2" />
              </SequencePoints>
              <BranchPoints>
                <BranchPoint vc="0" uspid="77" ordinal="0" path="0" offset="8" offsetend="10" sl="77" fileid="2" />
                <BranchPoint vc="0" uspid="77" ordinal="1" path="1" offset="8" offsetend="13" sl="77" fileid="2" />
              </BranchPoints>
              <MethodPoint vc="0" uspid="0" p8:type="SequencePoint" ordinal="7" offset="7" sc="0" sl="76" ec="1" el="78" bec="0" bev="0" fileid="2" xmlns:p8="xsi" />
            </Method>
          </Methods>
        </Class>
        <Class>
          <Summary numSequencePoints="1" visitedSequencePoints="0" numBranchPoints="0" visitedBranchPoints="0" sequenceCoverage="0" branchCoverage="100" maxCyclomaticComplexity="1" minCyclomaticComplexity="1" visitedClasses="0" numClasses="1" visitedMethods="0" numMethods="1" />
          <FullName>NeoServer.Game.Model.ThingStateChangedEventArgs</FullName>
          <Methods>
            <Method cyclomaticComplexity="1" nPathComplexity="0" sequenceCoverage="0" branchCoverage="100" isConstructor="False" isGetter="True" isSetter="False" isStatic="True">
              <Summary numSequencePoints="1" visitedSequencePoints="0" numBranchPoints="0" visitedBranchPoints="0" sequenceCoverage="0" branchCoverage="100" maxCyclomaticComplexity="1" minCyclomaticComplexity="1" visitedClasses="0" numClasses="0" visitedMethods="0" numMethods="1" />
              <MetadataToken />
              <Name>System.String NeoServer.Game.Model.ThingStateChangedEventArgs::get_PropertyChanged()</Name>
              <FileRef uid="3" />
              <SequencePoints>
                <SequencePoint vc="0" uspid="8" ordinal="0" sl="8" sc="1" el="8" ec="2" bec="0" bev="0" fileid="3" />
              </SequencePoints>
              <BranchPoints />
              <MethodPoint vc="0" uspid="0" p8:type="SequencePoint" ordinal="0" offset="0" sc="0" sl="8" ec="1" el="8" bec="0" bev="0" fileid="3" xmlns:p8="xsi" />
            </Method>
          </Methods>
        </Class>
        <Class>
          <Summary numSequencePoints="8" visitedSequencePoints="0" numBranchPoints="0" visitedBranchPoints="0" sequenceCoverage="0" branchCoverage="100" maxCyclomaticComplexity="1" minCyclomaticComplexity="1" visitedClasses="0" numClasses="1" visitedMethods="0" numMethods="5" />
          <FullName>NeoServer.Game.Events.PlayerAddedOnMapEvent</FullName>
          <Methods>
            <Method cyclomaticComplexity="1" nPathComplexity="0" sequenceCoverage="0" branchCoverage="100" isConstructor="False" isGetter="True" isSetter="False" isStatic="True">
              <Summary numSequencePoints="1" visitedSequencePoints="0" numBranchPoints="0" visitedBranchPoints="0" sequenceCoverage="0" branchCoverage="100" maxCyclomaticComplexity="1" minCyclomaticComplexity="1" visitedClasses="0" numClasses="0" visitedMethods="0" numMethods="1" />
              <MetadataToken />
              <Name>NeoServer.Server.Model.Players.Contracts.IPlayer NeoServer.Game.Events.PlayerAddedOnMapEvent::get_Player()</Name>
              <FileRef uid="4" />
              <SequencePoints>
                <SequencePoint vc="0" uspid="15" ordinal="0" sl="15" sc="1" el="15" ec="2" bec="0" bev="0" fileid="4" />
              </SequencePoints>
              <BranchPoints />
              <MethodPoint vc="0" uspid="0" p8:type="SequencePoint" ordinal="0" offset="0" sc="0" sl="15" ec="1" el="15" bec="0" bev="0" fileid="4" xmlns:p8="xsi" />
            </Method>
            <Method cyclomaticComplexity="1" nPathComplexity="0" sequenceCoverage="0" branchCoverage="100" isConstructor="False" isGetter="True" isSetter="False" isStatic="True">
              <Summary numSequencePoints="1" visitedSequencePoints="0" numBranchPoints="0" visitedBranchPoints="0" sequenceCoverage="0" branchCoverage="100" maxCyclomaticComplexity="1" minCyclomaticComplexity="1" visitedClasses="0" numClasses="0" visitedMethods="0" numMethods="1" />
              <MetadataToken />
              <Name>System.String NeoServer.Game.Events.PlayerAddedOnMapEvent::get_EventId()</Name>
              <FileRef uid="4" />
              <SequencePoints>
                <SequencePoint vc="0" uspid="17" ordinal="0" sl="17" sc="1" el="17" ec="2" bec="0" bev="0" fileid="4" />
              </SequencePoints>
              <BranchPoints />
              <MethodPoint vc="0" uspid="0" p8:type="SequencePoint" ordinal="1" offset="1" sc="0" sl="17" ec="1" el="17" bec="0" bev="0" fileid="4" xmlns:p8="xsi" />
            </Method>
            <Method cyclomaticComplexity="1" nPathComplexity="0" sequenceCoverage="0" branchCoverage="100" isConstructor="False" isGetter="True" isSetter="False" isStatic="True">
              <Summary numSequencePoints="1" visitedSequencePoints="0" numBranchPoints="0" visitedBranchPoints="0" sequenceCoverage="0" branchCoverage="100" maxCyclomaticComplexity="1" minCyclomaticComplexity="1" visitedClasses="0" numClasses="0" visitedMethods="0" numMethods="1" />
              <MetadataToken />
              <Name>System.UInt32 NeoServer.Game.Events.PlayerAddedOnMapEvent::get_RequestorId()</Name>
              <FileRef uid="4" />
              <SequencePoints>
                <SequencePoint vc="0" uspid="19" ordinal="0" sl="19" sc="1" el="19" ec="2" bec="0" bev="0" fileid="4" />
              </SequencePoints>
              <BranchPoints />
              <MethodPoint vc="0" uspid="0" p8:type="SequencePoint" ordinal="2" offset="2" sc="0" sl="19" ec="1" el="19" bec="0" bev="0" fileid="4" xmlns:p8="xsi" />
            </Method>
            <Method cyclomaticComplexity="1" nPathComplexity="0" sequenceCoverage="0" branchCoverage="100" isConstructor="False" isGetter="True" isSetter="False" isStatic="True">
              <Summary numSequencePoints="1" visitedSequencePoints="0" numBranchPoints="0" visitedBranchPoints="0" sequenceCoverage="0" branchCoverage="100" maxCyclomaticComplexity="1" minCyclomaticComplexity="1" visitedClasses="0" numClasses="0" visitedMethods="0" numMethods="1" />
              <MetadataToken />
              <Name>System.String NeoServer.Game.Events.PlayerAddedOnMapEvent::get_ErrorMessage()</Name>
              <FileRef uid="4" />
              <SequencePoints>
                <SequencePoint vc="0" uspid="21" ordinal="0" sl="21" sc="1" el="21" ec="2" bec="0" bev="0" fileid="4" />
              </SequencePoints>
              <BranchPoints />
              <MethodPoint vc="0" uspid="0" p8:type="SequencePoint" ordinal="3" offset="3" sc="0" sl="21" ec="1" el="21" bec="0" bev="0" fileid="4" xmlns:p8="xsi" />
            </Method>
            <Method cyclomaticComplexity="1" nPathComplexity="0" sequenceCoverage="0" branchCoverage="100" isConstructor="True" isGetter="False" isSetter="False" isStatic="True">
              <Summary numSequencePoints="4" visitedSequencePoints="0" numBranchPoints="0" visitedBranchPoints="0" sequenceCoverage="0" branchCoverage="100" maxCyclomaticComplexity="1" minCyclomaticComplexity="1" visitedClasses="0" numClasses="0" visitedMethods="0" numMethods="1" />
              <MetadataToken />
              <Name>System.Void NeoServer.Game.Events.PlayerAddedOnMapEvent::.ctor(NeoServer.Server.Model.Players.Contracts.IPlayer)</Name>
              <FileRef uid="4" />
              <SequencePoints>
                <SequencePoint vc="0" uspid="10" ordinal="0" sl="10" sc="1" el="10" ec="2" bec="0" bev="0" fileid="4" />
                <SequencePoint vc="0" uspid="11" ordinal="1" sl="11" sc="1" el="11" ec="2" bec="0" bev="0" fileid="4" />
                <SequencePoint vc="0" uspid="12" ordinal="2" sl="12" sc="1" el="12" ec="2" bec="0" bev="0" fileid="4" />
                <SequencePoint vc="0" uspid="13" ordinal="3" sl="13" sc="1" el="13" ec="2" bec="0" bev="0" fileid="4" />
              </SequencePoints>
              <BranchPoints />
              <MethodPoint vc="0" uspid="0" p8:type="SequencePoint" ordinal="4" offset="4" sc="0" sl="10" ec="1" el="13" bec="0" bev="0" fileid="4" xmlns:p8="xsi" />
            </Method>
          </Methods>
        </Class>
        <Class>
          <Summary numSequencePoints="10" visitedSequencePoints="0" numBranchPoints="0" visitedBranchPoints="0" sequenceCoverage="0" branchCoverage="100" maxCyclomaticComplexity="1" minCyclomaticComplexity="1" visitedClasses="0" numClasses="1" visitedMethods="0" numMethods="6" />
          <FullName>NeoServer.Game.Events.PlayerTurnToDirectionEvent</FullName>
          <Methods>
            <Method cyclomaticComplexity="1" nPathComplexity="0" sequenceCoverage="0" branchCoverage="100" isConstructor="False" isGetter="True" isSetter="False" isStatic="True">
              <Summary numSequencePoints="1" visitedSequencePoints="0" numBranchPoints="0" visitedBranchPoints="0" sequenceCoverage="0" branchCoverage="100" maxCyclomaticComplexity="1" minCyclomaticComplexity="1" visitedClasses="0" numClasses="0" visitedMethods="0" numMethods="1" />
              <MetadataToken />
              <Name>NeoServer.Server.Model.Players.Contracts.IPlayer NeoServer.Game.Events.PlayerTurnToDirectionEvent::get_Player()</Name>
              <FileRef uid="5" />
              <SequencePoints>
                <SequencePoint vc="0" uspid="17" ordinal="0" sl="17" sc="1" el="17" ec="2" bec="0" bev="0" fileid="5" />
              </SequencePoints>
              <BranchPoints />
              <MethodPoint vc="0" uspid="0" p8:type="SequencePoint" ordinal="0" offset="0" sc="0" sl="17" ec="1" el="17" bec="0" bev="0" fileid="5" xmlns:p8="xsi" />
            </Method>
            <Method cyclomaticComplexity="1" nPathComplexity="0" sequenceCoverage="0" branchCoverage="100" isConstructor="False" isGetter="True" isSetter="False" isStatic="True">
              <Summary numSequencePoints="1" visitedSequencePoints="0" numBranchPoints="0" visitedBranchPoints="0" sequenceCoverage="0" branchCoverage="100" maxCyclomaticComplexity="1" minCyclomaticComplexity="1" visitedClasses="0" numClasses="0" visitedMethods="0" numMethods="1" />
              <MetadataToken />
              <Name>NeoServer.Game.Enums.Location.Direction NeoServer.Game.Events.PlayerTurnToDirectionEvent::get_Direction()</Name>
              <FileRef uid="5" />
              <SequencePoints>
                <SequencePoint vc="0" uspid="18" ordinal="0" sl="18" sc="1" el="18" ec="2" bec="0" bev="0" fileid="5" />
              </SequencePoints>
              <BranchPoints />
              <MethodPoint vc="0" uspid="0" p8:type="SequencePoint" ordinal="1" offset="1" sc="0" sl="18" ec="1" el="18" bec="0" bev="0" fileid="5" xmlns:p8="xsi" />
            </Method>
            <Method cyclomaticComplexity="1" nPathComplexity="0" sequenceCoverage="0" branchCoverage="100" isConstructor="False" isGetter="True" isSetter="False" isStatic="True">
              <Summary numSequencePoints="1" visitedSequencePoints="0" numBranchPoints="0" visitedBranchPoints="0" sequenceCoverage="0" branchCoverage="100" maxCyclomaticComplexity="1" minCyclomaticComplexity="1" visitedClasses="0" numClasses="0" visitedMethods="0" numMethods="1" />
              <MetadataToken />
              <Name>System.String NeoServer.Game.Events.PlayerTurnToDirectionEvent::get_EventId()</Name>
              <FileRef uid="5" />
              <SequencePoints>
                <SequencePoint vc="0" uspid="20" ordinal="0" sl="20" sc="1" el="20" ec="2" bec="0" bev="0" fileid="5" />
              </SequencePoints>
              <BranchPoints />
              <MethodPoint vc="0" uspid="0" p8:type="SequencePoint" ordinal="2" offset="2" sc="0" sl="20" ec="1" el="20" bec="0" bev="0" fileid="5" xmlns:p8="xsi" />
            </Method>
            <Method cyclomaticComplexity="1" nPathComplexity="0" sequenceCoverage="0" branchCoverage="100" isConstructor="False" isGetter="True" isSetter="False" isStatic="True">
              <Summary numSequencePoints="1" visitedSequencePoints="0" numBranchPoints="0" visitedBranchPoints="0" sequenceCoverage="0" branchCoverage="100" maxCyclomaticComplexity="1" minCyclomaticComplexity="1" visitedClasses="0" numClasses="0" visitedMethods="0" numMethods="1" />
              <MetadataToken />
              <Name>System.UInt32 NeoServer.Game.Events.PlayerTurnToDirectionEvent::get_RequestorId()</Name>
              <FileRef uid="5" />
              <SequencePoints>
                <SequencePoint vc="0" uspid="22" ordinal="0" sl="22" sc="1" el="22" ec="2" bec="0" bev="0" fileid="5" />
              </SequencePoints>
              <BranchPoints />
              <MethodPoint vc="0" uspid="0" p8:type="SequencePoint" ordinal="3" offset="3" sc="0" sl="22" ec="1" el="22" bec="0" bev="0" fileid="5" xmlns:p8="xsi" />
            </Method>
            <Method cyclomaticComplexity="1" nPathComplexity="0" sequenceCoverage="0" branchCoverage="100" isConstructor="False" isGetter="True" isSetter="False" isStatic="True">
              <Summary numSequencePoints="1" visitedSequencePoints="0" numBranchPoints="0" visitedBranchPoints="0" sequenceCoverage="0" branchCoverage="100" maxCyclomaticComplexity="1" minCyclomaticComplexity="1" visitedClasses="0" numClasses="0" visitedMethods="0" numMethods="1" />
              <MetadataToken />
              <Name>System.String NeoServer.Game.Events.PlayerTurnToDirectionEvent::get_ErrorMessage()</Name>
              <FileRef uid="5" />
              <SequencePoints>
                <SequencePoint vc="0" uspid="24" ordinal="0" sl="24" sc="1" el="24" ec="2" bec="0" bev="0" fileid="5" />
              </SequencePoints>
              <BranchPoints />
              <MethodPoint vc="0" uspid="0" p8:type="SequencePoint" ordinal="4" offset="4" sc="0" sl="24" ec="1" el="24" bec="0" bev="0" fileid="5" xmlns:p8="xsi" />
            </Method>
            <Method cyclomaticComplexity="1" nPathComplexity="0" sequenceCoverage="0" branchCoverage="100" isConstructor="True" isGetter="False" isSetter="False" isStatic="True">
              <Summary numSequencePoints="5" visitedSequencePoints="0" numBranchPoints="0" visitedBranchPoints="0" sequenceCoverage="0" branchCoverage="100" maxCyclomaticComplexity="1" minCyclomaticComplexity="1" visitedClasses="0" numClasses="0" visitedMethods="0" numMethods="1" />
              <MetadataToken />
              <Name>System.Void NeoServer.Game.Events.PlayerTurnToDirectionEvent::.ctor(NeoServer.Server.Model.Players.Contracts.IPlayer,NeoServer.Game.Enums.Location.Direction)</Name>
              <FileRef uid="5" />
              <SequencePoints>
                <SequencePoint vc="0" uspid="11" ordinal="0" sl="11" sc="1" el="11" ec="2" bec="0" bev="0" fileid="5" />
                <SequencePoint vc="0" uspid="12" ordinal="1" sl="12" sc="1" el="12" ec="2" bec="0" bev="0" fileid="5" />
                <SequencePoint vc="0" uspid="13" ordinal="2" sl="13" sc="1" el="13" ec="2" bec="0" bev="0" fileid="5" />
                <SequencePoint vc="0" uspid="14" ordinal="3" sl="14" sc="1" el="14" ec="2" bec="0" bev="0" fileid="5" />
                <SequencePoint vc="0" uspid="15" ordinal="4" sl="15" sc="1" el="15" ec="2" bec="0" bev="0" fileid="5" />
              </SequencePoints>
              <BranchPoints />
              <MethodPoint vc="0" uspid="0" p8:type="SequencePoint" ordinal="5" offset="5" sc="0" sl="11" ec="1" el="15" bec="0" bev="0" fileid="5" xmlns:p8="xsi" />
            </Method>
          </Methods>
        </Class>
        <Class>
          <Summary numSequencePoints="10" visitedSequencePoints="0" numBranchPoints="0" visitedBranchPoints="0" sequenceCoverage="0" branchCoverage="100" maxCyclomaticComplexity="1" minCyclomaticComplexity="1" visitedClasses="0" numClasses="1" visitedMethods="0" numMethods="6" />
          <FullName>NeoServer.Game.Events.ThingRemovedFromTileEvent</FullName>
          <Methods>
            <Method cyclomaticComplexity="1" nPathComplexity="0" sequenceCoverage="0" branchCoverage="100" isConstructor="False" isGetter="True" isSetter="False" isStatic="True">
              <Summary numSequencePoints="1" visitedSequencePoints="0" numBranchPoints="0" visitedBranchPoints="0" sequenceCoverage="0" branchCoverage="100" maxCyclomaticComplexity="1" minCyclomaticComplexity="1" visitedClasses="0" numClasses="0" visitedMethods="0" numMethods="1" />
              <MetadataToken />
              <Name>NeoServer.Game.Contracts.ITile NeoServer.Game.Events.ThingRemovedFromTileEvent::get_Tile()</Name>
              <FileRef uid="6" />
              <SequencePoints>
                <SequencePoint vc="0" uspid="16" ordinal="0" sl="16" sc="1" el="16" ec="2" bec="0" bev="0" fileid="6" />
              </SequencePoints>
              <BranchPoints />
              <MethodPoint vc="0" uspid="0" p8:type="SequencePoint" ordinal="0" offset="0" sc="0" sl="16" ec="1" el="16" bec="0" bev="0" fileid="6" xmlns:p8="xsi" />
            </Method>
            <Method cyclomaticComplexity="1" nPathComplexity="0" sequenceCoverage="0" branchCoverage="100" isConstructor="False" isGetter="True" isSetter="False" isStatic="True">
              <Summary numSequencePoints="1" visitedSequencePoints="0" numBranchPoints="0" visitedBranchPoints="0" sequenceCoverage="0" branchCoverage="100" maxCyclomaticComplexity="1" minCyclomaticComplexity="1" visitedClasses="0" numClasses="0" visitedMethods="0" numMethods="1" />
              <MetadataToken />
              <Name>System.Byte NeoServer.Game.Events.ThingRemovedFromTileEvent::get_StackPosition()</Name>
              <FileRef uid="6" />
              <SequencePoints>
                <SequencePoint vc="0" uspid="17" ordinal="0" sl="17" sc="1" el="17" ec="2" bec="0" bev="0" fileid="6" />
              </SequencePoints>
              <BranchPoints />
              <MethodPoint vc="0" uspid="0" p8:type="SequencePoint" ordinal="1" offset="1" sc="0" sl="17" ec="1" el="17" bec="0" bev="0" fileid="6" xmlns:p8="xsi" />
            </Method>
            <Method cyclomaticComplexity="1" nPathComplexity="0" sequenceCoverage="0" branchCoverage="100" isConstructor="False" isGetter="True" isSetter="False" isStatic="True">
              <Summary numSequencePoints="1" visitedSequencePoints="0" numBranchPoints="0" visitedBranchPoints="0" sequenceCoverage="0" branchCoverage="100" maxCyclomaticComplexity="1" minCyclomaticComplexity="1" visitedClasses="0" numClasses="0" visitedMethods="0" numMethods="1" />
              <MetadataToken />
              <Name>System.String NeoServer.Game.Events.ThingRemovedFromTileEvent::get_EventId()</Name>
              <FileRef uid="6" />
              <SequencePoints>
                <SequencePoint vc="0" uspid="19" ordinal="0" sl="19" sc="1" el="19" ec="2" bec="0" bev="0" fileid="6" />
              </SequencePoints>
              <BranchPoints />
              <MethodPoint vc="0" uspid="0" p8:type="SequencePoint" ordinal="2" offset="2" sc="0" sl="19" ec="1" el="19" bec="0" bev="0" fileid="6" xmlns:p8="xsi" />
            </Method>
            <Method cyclomaticComplexity="1" nPathComplexity="0" sequenceCoverage="0" branchCoverage="100" isConstructor="False" isGetter="True" isSetter="False" isStatic="True">
              <Summary numSequencePoints="1" visitedSequencePoints="0" numBranchPoints="0" visitedBranchPoints="0" sequenceCoverage="0" branchCoverage="100" maxCyclomaticComplexity="1" minCyclomaticComplexity="1" visitedClasses="0" numClasses="0" visitedMethods="0" numMethods="1" />
              <MetadataToken />
              <Name>System.UInt32 NeoServer.Game.Events.ThingRemovedFromTileEvent::get_RequestorId()</Name>
              <FileRef uid="6" />
              <SequencePoints>
                <SequencePoint vc="0" uspid="21" ordinal="0" sl="21" sc="1" el="21" ec="2" bec="0" bev="0" fileid="6" />
              </SequencePoints>
              <BranchPoints />
              <MethodPoint vc="0" uspid="0" p8:type="SequencePoint" ordinal="3" offset="3" sc="0" sl="21" ec="1" el="21" bec="0" bev="0" fileid="6" xmlns:p8="xsi" />
            </Method>
            <Method cyclomaticComplexity="1" nPathComplexity="0" sequenceCoverage="0" branchCoverage="100" isConstructor="False" isGetter="True" isSetter="False" isStatic="True">
              <Summary numSequencePoints="1" visitedSequencePoints="0" numBranchPoints="0" visitedBranchPoints="0" sequenceCoverage="0" branchCoverage="100" maxCyclomaticComplexity="1" minCyclomaticComplexity="1" visitedClasses="0" numClasses="0" visitedMethods="0" numMethods="1" />
              <MetadataToken />
              <Name>System.String NeoServer.Game.Events.ThingRemovedFromTileEvent::get_ErrorMessage()</Name>
              <FileRef uid="6" />
              <SequencePoints>
                <SequencePoint vc="0" uspid="23" ordinal="0" sl="23" sc="1" el="23" ec="2" bec="0" bev="0" fileid="6" />
              </SequencePoints>
              <BranchPoints />
              <MethodPoint vc="0" uspid="0" p8:type="SequencePoint" ordinal="4" offset="4" sc="0" sl="23" ec="1" el="23" bec="0" bev="0" fileid="6" xmlns:p8="xsi" />
            </Method>
            <Method cyclomaticComplexity="1" nPathComplexity="0" sequenceCoverage="0" branchCoverage="100" isConstructor="True" isGetter="False" isSetter="False" isStatic="True">
              <Summary numSequencePoints="5" visitedSequencePoints="0" numBranchPoints="0" visitedBranchPoints="0" sequenceCoverage="0" branchCoverage="100" maxCyclomaticComplexity="1" minCyclomaticComplexity="1" visitedClasses="0" numClasses="0" visitedMethods="0" numMethods="1" />
              <MetadataToken />
              <Name>System.Void NeoServer.Game.Events.ThingRemovedFromTileEvent::.ctor(NeoServer.Game.Contracts.ITile,System.Byte)</Name>
              <FileRef uid="6" />
              <SequencePoints>
                <SequencePoint vc="0" uspid="10" ordinal="0" sl="10" sc="1" el="10" ec="2" bec="0" bev="0" fileid="6" />
                <SequencePoint vc="0" uspid="11" ordinal="1" sl="11" sc="1" el="11" ec="2" bec="0" bev="0" fileid="6" />
                <SequencePoint vc="0" uspid="12" ordinal="2" sl="12" sc="1" el="12" ec="2" bec="0" bev="0" fileid="6" />
                <SequencePoint vc="0" uspid="13" ordinal="3" sl="13" sc="1" el="13" ec="2" bec="0" bev="0" fileid="6" />
                <SequencePoint vc="0" uspid="14" ordinal="4" sl="14" sc="1" el="14" ec="2" bec="0" bev="0" fileid="6" />
              </SequencePoints>
              <BranchPoints />
              <MethodPoint vc="0" uspid="0" p8:type="SequencePoint" ordinal="5" offset="5" sc="0" sl="10" ec="1" el="14" bec="0" bev="0" fileid="6" xmlns:p8="xsi" />
            </Method>
          </Methods>
        </Class>
      </Classes>
    </Module>
    <Module hash="8DDCB16C-2CD4-4CB7-A0BB-3BDFD063A59E">
      <ModulePath>NeoServer.Server.Commands.dll</ModulePath>
      <ModuleTime>2020-04-02T05:50:39</ModuleTime>
      <ModuleName>NeoServer.Server.Commands</ModuleName>
      <Files>
        <File uid="7" fullPath="/home/caio/sources/neoserver/NeoServer.Server.Commands/Dispatcher.cs" />
        <File uid="8" fullPath="/home/caio/sources/neoserver/NeoServer.Server.Commands/Movement/MapToMapMovementCommand.cs" />
        <File uid="9" fullPath="/home/caio/sources/neoserver/NeoServer.Server.Commands/Movement/MapToMapMovementCommandHandler.cs" />
        <File uid="10" fullPath="/home/caio/sources/neoserver/NeoServer.Server.Commands/Player/PlayerLogInCommand.cs" />
        <File uid="11" fullPath="/home/caio/sources/neoserver/NeoServer.Server.Commands/Player/PlayerLogInCommandHandler.cs" />
        <File uid="12" fullPath="/home/caio/sources/neoserver/NeoServer.Server.Commands/Player/PlayerLogOutCommand.cs" />
        <File uid="13" fullPath="/home/caio/sources/neoserver/NeoServer.Server.Commands/Player/PlayerLogOutCommandHandler.cs" />
      </Files>
      <Classes>
        <Class>
          <Summary numSequencePoints="7" visitedSequencePoints="0" numBranchPoints="2" visitedBranchPoints="0" sequenceCoverage="0" branchCoverage="0" maxCyclomaticComplexity="2" minCyclomaticComplexity="1" visitedClasses="0" numClasses="1" visitedMethods="0" numMethods="2" />
          <FullName>NeoServer.Game.Commands.Dispatcher</FullName>
          <Methods>
            <Method cyclomaticComplexity="2" nPathComplexity="0" sequenceCoverage="0" branchCoverage="0" isConstructor="False" isGetter="False" isSetter="False" isStatic="True">
              <Summary numSequencePoints="3" visitedSequencePoints="0" numBranchPoints="2" visitedBranchPoints="0" sequenceCoverage="0" branchCoverage="0" maxCyclomaticComplexity="2" minCyclomaticComplexity="2" visitedClasses="0" numClasses="0" visitedMethods="0" numMethods="1" />
              <MetadataToken />
              <Name>System.Void NeoServer.Game.Commands.Dispatcher::Dispatch(TEvent)</Name>
              <FileRef uid="7" />
              <SequencePoints>
                <SequencePoint vc="0" uspid="18" ordinal="0" sl="18" sc="1" el="18" ec="2" bec="0" bev="0" fileid="7" />
                <SequencePoint vc="0" uspid="19" ordinal="1" sl="19" sc="1" el="19" ec="2" bec="0" bev="0" fileid="7" />
                <SequencePoint vc="0" uspid="20" ordinal="2" sl="20" sc="1" el="20" ec="2" bec="0" bev="0" fileid="7" />
              </SequencePoints>
              <BranchPoints>
                <BranchPoint vc="0" uspid="19" ordinal="0" path="0" offset="8" offsetend="10" sl="19" fileid="7" />
                <BranchPoint vc="0" uspid="19" ordinal="1" path="1" offset="8" offsetend="13" sl="19" fileid="7" />
              </BranchPoints>
              <MethodPoint vc="0" uspid="0" p8:type="SequencePoint" ordinal="0" offset="0" sc="0" sl="18" ec="1" el="20" bec="0" bev="0" fileid="7" xmlns:p8="xsi" />
            </Method>
            <Method cyclomaticComplexity="1" nPathComplexity="0" sequenceCoverage="0" branchCoverage="100" isConstructor="True" isGetter="False" isSetter="False" isStatic="True">
              <Summary numSequencePoints="4" visitedSequencePoints="0" numBranchPoints="0" visitedBranchPoints="0" sequenceCoverage="0" branchCoverage="100" maxCyclomaticComplexity="1" minCyclomaticComplexity="1" visitedClasses="0" numClasses="0" visitedMethods="0" numMethods="1" />
              <MetadataToken />
              <Name>System.Void NeoServer.Game.Commands.Dispatcher::.ctor(NeoServer.Server.Schedulers.Contracts.IScheduler)</Name>
              <FileRef uid="7" />
              <SequencePoints>
                <SequencePoint vc="0" uspid="13" ordinal="0" sl="13" sc="1" el="13" ec="2" bec="0" bev="0" fileid="7" />
                <SequencePoint vc="0" uspid="14" ordinal="1" sl="14" sc="1" el="14" ec="2" bec="0" bev="0" fileid="7" />
                <SequencePoint vc="0" uspid="15" ordinal="2" sl="15" sc="1" el="15" ec="2" bec="0" bev="0" fileid="7" />
                <SequencePoint vc="0" uspid="16" ordinal="3" sl="16" sc="1" el="16" ec="2" bec="0" bev="0" fileid="7" />
              </SequencePoints>
              <BranchPoints />
              <MethodPoint vc="0" uspid="0" p8:type="SequencePoint" ordinal="1" offset="1" sc="0" sl="13" ec="1" el="16" bec="0" bev="0" fileid="7" xmlns:p8="xsi" />
            </Method>
          </Methods>
        </Class>
        <Class>
          <Summary numSequencePoints="12" visitedSequencePoints="0" numBranchPoints="0" visitedBranchPoints="0" sequenceCoverage="0" branchCoverage="100" maxCyclomaticComplexity="1" minCyclomaticComplexity="1" visitedClasses="0" numClasses="1" visitedMethods="0" numMethods="7" />
          <FullName>NeoServer.Game.Commands.MapToMapMovementCommand</FullName>
          <Methods>
            <Method cyclomaticComplexity="1" nPathComplexity="0" sequenceCoverage="0" branchCoverage="100" isConstructor="False" isGetter="True" isSetter="False" isStatic="True">
              <Summary numSequencePoints="1" visitedSequencePoints="0" numBranchPoints="0" visitedBranchPoints="0" sequenceCoverage="0" branchCoverage="100" maxCyclomaticComplexity="1" minCyclomaticComplexity="1" visitedClasses="0" numClasses="0" visitedMethods="0" numMethods="1" />
              <MetadataToken />
              <Name>System.String NeoServer.Game.Commands.MapToMapMovementCommand::get_EventId()</Name>
              <FileRef uid="8" />
              <SequencePoints>
                <SequencePoint vc="0" uspid="25" ordinal="0" sl="25" sc="1" el="25" ec="2" bec="0" bev="0" fileid="8" />
              </SequencePoints>
              <BranchPoints />
              <MethodPoint vc="0" uspid="0" p8:type="SequencePoint" ordinal="0" offset="0" sc="0" sl="25" ec="1" el="25" bec="0" bev="0" fileid="8" xmlns:p8="xsi" />
            </Method>
            <Method cyclomaticComplexity="1" nPathComplexity="0" sequenceCoverage="0" branchCoverage="100" isConstructor="False" isGetter="True" isSetter="False" isStatic="True">
              <Summary numSequencePoints="1" visitedSequencePoints="0" numBranchPoints="0" visitedBranchPoints="0" sequenceCoverage="0" branchCoverage="100" maxCyclomaticComplexity="1" minCyclomaticComplexity="1" visitedClasses="0" numClasses="0" visitedMethods="0" numMethods="1" />
              <MetadataToken />
              <Name>System.UInt32 NeoServer.Game.Commands.MapToMapMovementCommand::get_RequestorId()</Name>
              <FileRef uid="8" />
              <SequencePoints>
                <SequencePoint vc="0" uspid="27" ordinal="0" sl="27" sc="1" el="27" ec="2" bec="0" bev="0" fileid="8" />
              </SequencePoints>
              <BranchPoints />
              <MethodPoint vc="0" uspid="0" p8:type="SequencePoint" ordinal="1" offset="1" sc="0" sl="27" ec="1" el="27" bec="0" bev="0" fileid="8" xmlns:p8="xsi" />
            </Method>
            <Method cyclomaticComplexity="1" nPathComplexity="0" sequenceCoverage="0" branchCoverage="100" isConstructor="False" isGetter="True" isSetter="False" isStatic="True">
              <Summary numSequencePoints="1" visitedSequencePoints="0" numBranchPoints="0" visitedBranchPoints="0" sequenceCoverage="0" branchCoverage="100" maxCyclomaticComplexity="1" minCyclomaticComplexity="1" visitedClasses="0" numClasses="0" visitedMethods="0" numMethods="1" />
              <MetadataToken />
              <Name>System.String NeoServer.Game.Commands.MapToMapMovementCommand::get_ErrorMessage()</Name>
              <FileRef uid="8" />
              <SequencePoints>
                <SequencePoint vc="0" uspid="29" ordinal="0" sl="29" sc="1" el="29" ec="2" bec="0" bev="0" fileid="8" />
              </SequencePoints>
              <BranchPoints />
              <MethodPoint vc="0" uspid="0" p8:type="SequencePoint" ordinal="2" offset="2" sc="0" sl="29" ec="1" el="29" bec="0" bev="0" fileid="8" xmlns:p8="xsi" />
            </Method>
            <Method cyclomaticComplexity="1" nPathComplexity="0" sequenceCoverage="0" branchCoverage="100" isConstructor="False" isGetter="True" isSetter="False" isStatic="True">
              <Summary numSequencePoints="1" visitedSequencePoints="0" numBranchPoints="0" visitedBranchPoints="0" sequenceCoverage="0" branchCoverage="100" maxCyclomaticComplexity="1" minCyclomaticComplexity="1" visitedClasses="0" numClasses="0" visitedMethods="0" numMethods="1" />
              <MetadataToken />
              <Name>NeoServer.Game.Contracts.IThing NeoServer.Game.Commands.MapToMapMovementCommand::get_Thing()</Name>
              <FileRef uid="8" />
              <SequencePoints>
                <SequencePoint vc="0" uspid="31" ordinal="0" sl="31" sc="1" el="31" ec="2" bec="0" bev="0" fileid="8" />
              </SequencePoints>
              <BranchPoints />
              <MethodPoint vc="0" uspid="0" p8:type="SequencePoint" ordinal="3" offset="3" sc="0" sl="31" ec="1" el="31" bec="0" bev="0" fileid="8" xmlns:p8="xsi" />
            </Method>
            <Method cyclomaticComplexity="1" nPathComplexity="0" sequenceCoverage="0" branchCoverage="100" isConstructor="False" isGetter="True" isSetter="False" isStatic="True">
              <Summary numSequencePoints="1" visitedSequencePoints="0" numBranchPoints="0" visitedBranchPoints="0" sequenceCoverage="0" branchCoverage="100" maxCyclomaticComplexity="1" minCyclomaticComplexity="1" visitedClasses="0" numClasses="0" visitedMethods="0" numMethods="1" />
              <MetadataToken />
              <Name>NeoServer.Game.Enums.Location.Structs.Location NeoServer.Game.Commands.MapToMapMovementCommand::get_FromLocation()</Name>
              <FileRef uid="8" />
              <SequencePoints>
                <SequencePoint vc="0" uspid="32" ordinal="0" sl="32" sc="1" el="32" ec="2" bec="0" bev="0" fileid="8" />
              </SequencePoints>
              <BranchPoints />
              <MethodPoint vc="0" uspid="0" p8:type="SequencePoint" ordinal="4" offset="4" sc="0" sl="32" ec="1" el="32" bec="0" bev="0" fileid="8" xmlns:p8="xsi" />
            </Method>
            <Method cyclomaticComplexity="1" nPathComplexity="0" sequenceCoverage="0" branchCoverage="100" isConstructor="False" isGetter="True" isSetter="False" isStatic="True">
              <Summary numSequencePoints="1" visitedSequencePoints="0" numBranchPoints="0" visitedBranchPoints="0" sequenceCoverage="0" branchCoverage="100" maxCyclomaticComplexity="1" minCyclomaticComplexity="1" visitedClasses="0" numClasses="0" visitedMethods="0" numMethods="1" />
              <MetadataToken />
              <Name>NeoServer.Game.Enums.Location.Structs.Location NeoServer.Game.Commands.MapToMapMovementCommand::get_ToLocation()</Name>
              <FileRef uid="8" />
              <SequencePoints>
                <SequencePoint vc="0" uspid="33" ordinal="0" sl="33" sc="1" el="33" ec="2" bec="0" bev="0" fileid="8" />
              </SequencePoints>
              <BranchPoints />
              <MethodPoint vc="0" uspid="0" p8:type="SequencePoint" ordinal="5" offset="5" sc="0" sl="33" ec="1" el="33" bec="0" bev="0" fileid="8" xmlns:p8="xsi" />
            </Method>
            <Method cyclomaticComplexity="1" nPathComplexity="0" sequenceCoverage="0" branchCoverage="100" isConstructor="True" isGetter="False" isSetter="False" isStatic="True">
              <Summary numSequencePoints="6" visitedSequencePoints="0" numBranchPoints="0" visitedBranchPoints="0" sequenceCoverage="0" branchCoverage="100" maxCyclomaticComplexity="1" minCyclomaticComplexity="1" visitedClasses="0" numClasses="0" visitedMethods="0" numMethods="1" />
              <MetadataToken />
              <Name>System.Void NeoServer.Game.Commands.MapToMapMovementCommand::.ctor(NeoServer.Game.Contracts.IThing,NeoServer.Game.Enums.Location.Structs.Location,NeoServer.Game.Enums.Location.Structs.Location)</Name>
              <FileRef uid="8" />
              <SequencePoints>
                <SequencePoint vc="0" uspid="18" ordinal="0" sl="18" sc="1" el="18" ec="2" bec="0" bev="0" fileid="8" />
                <SequencePoint vc="0" uspid="19" ordinal="1" sl="19" sc="1" el="19" ec="2" bec="0" bev="0" fileid="8" />
                <SequencePoint vc="0" uspid="20" ordinal="2" sl="20" sc="1" el="20" ec="2" bec="0" bev="0" fileid="8" />
                <SequencePoint vc="0" uspid="21" ordinal="3" sl="21" sc="1" el="21" ec="2" bec="0" bev="0" fileid="8" />
                <SequencePoint vc="0" uspid="22" ordinal="4" sl="22" sc="1" el="22" ec="2" bec="0" bev="0" fileid="8" />
                <SequencePoint vc="0" uspid="23" ordinal="5" sl="23" sc="1" el="23" ec="2" bec="0" bev="0" fileid="8" />
              </SequencePoints>
              <BranchPoints />
              <MethodPoint vc="0" uspid="0" p8:type="SequencePoint" ordinal="6" offset="6" sc="0" sl="18" ec="1" el="23" bec="0" bev="0" fileid="8" xmlns:p8="xsi" />
            </Method>
          </Methods>
        </Class>
        <Class>
          <Summary numSequencePoints="56" visitedSequencePoints="0" numBranchPoints="16" visitedBranchPoints="0" sequenceCoverage="0" branchCoverage="0" maxCyclomaticComplexity="16" minCyclomaticComplexity="1" visitedClasses="0" numClasses="1" visitedMethods="0" numMethods="3" />
          <FullName>NeoServer.Game.Commands.MapToMapMovementCommandHandler</FullName>
          <Methods>
            <Method cyclomaticComplexity="1" nPathComplexity="0" sequenceCoverage="0" branchCoverage="100" isConstructor="False" isGetter="False" isSetter="False" isStatic="True">
              <Summary numSequencePoints="11" visitedSequencePoints="0" numBranchPoints="0" visitedBranchPoints="0" sequenceCoverage="0" branchCoverage="100" maxCyclomaticComplexity="1" minCyclomaticComplexity="1" visitedClasses="0" numClasses="0" visitedMethods="0" numMethods="1" />
              <MetadataToken />
              <Name>System.Void NeoServer.Game.Commands.MapToMapMovementCommandHandler::Execute(NeoServer.Game.Commands.MapToMapMovementCommand)</Name>
              <FileRef uid="9" />
              <SequencePoints>
                <SequencePoint vc="0" uspid="28" ordinal="0" sl="28" sc="1" el="28" ec="2" bec="0" bev="0" fileid="9" />
                <SequencePoint vc="0" uspid="29" ordinal="1" sl="29" sc="1" el="29" ec="2" bec="0" bev="0" fileid="9" />
                <SequencePoint vc="0" uspid="30" ordinal="2" sl="30" sc="1" el="30" ec="2" bec="0" bev="0" fileid="9" />
                <SequencePoint vc="0" uspid="31" ordinal="3" sl="31" sc="1" el="31" ec="2" bec="0" bev="0" fileid="9" />
                <SequencePoint vc="0" uspid="33" ordinal="4" sl="33" sc="1" el="33" ec="2" bec="0" bev="0" fileid="9" />
                <SequencePoint vc="0" uspid="35" ordinal="5" sl="35" sc="1" el="35" ec="2" bec="0" bev="0" fileid="9" />
                <SequencePoint vc="0" uspid="37" ordinal="6" sl="37" sc="1" el="37" ec="2" bec="0" bev="0" fileid="9" />
                <SequencePoint vc="0" uspid="39" ordinal="7" sl="39" sc="1" el="39" ec="2" bec="0" bev="0" fileid="9" />
                <SequencePoint vc="0" uspid="40" ordinal="8" sl="40" sc="1" el="40" ec="2" bec="0" bev="0" fileid="9" />
                <SequencePoint vc="0" uspid="41" ordinal="9" sl="41" sc="1" el="41" ec="2" bec="0" bev="0" fileid="9" />
                <SequencePoint vc="0" uspid="43" ordinal="10" sl="43" sc="1" el="43" ec="2" bec="0" bev="0" fileid="9" />
              </SequencePoints>
              <BranchPoints />
              <MethodPoint vc="0" uspid="0" p8:type="SequencePoint" ordinal="0" offset="0" sc="0" sl="28" ec="1" el="43" bec="0" bev="0" fileid="9" xmlns:p8="xsi" />
            </Method>
            <Method cyclomaticComplexity="16" nPathComplexity="0" sequenceCoverage="0" branchCoverage="0" isConstructor="False" isGetter="False" isSetter="False" isStatic="True">
              <Summary numSequencePoints="40" visitedSequencePoints="0" numBranchPoints="16" visitedBranchPoints="0" sequenceCoverage="0" branchCoverage="0" maxCyclomaticComplexity="16" minCyclomaticComplexity="16" visitedClasses="0" numClasses="0" visitedMethods="0" numMethods="1" />
              <MetadataToken />
              <Name>System.Void NeoServer.Game.Commands.MapToMapMovementCommandHandler::MoveCreatures(System.Byte,NeoServer.Game.Enums.Location.Direction,NeoServer.Game.Enums.Location.Structs.Location,NeoServer.Game.Enums.Location.Structs.Location,NeoServer.Game.Contracts.IThing,NeoServer.Game.Contracts.ITile)</Name>
              <FileRef uid="9" />
              <SequencePoints>
                <SequencePoint vc="0" uspid="47" ordinal="0" sl="47" sc="1" el="47" ec="2" bec="0" bev="0" fileid="9" />
                <SequencePoint vc="0" uspid="48" ordinal="1" sl="48" sc="1" el="48" ec="2" bec="0" bev="0" fileid="9" />
                <SequencePoint vc="0" uspid="50" ordinal="2" sl="50" sc="1" el="50" ec="2" bec="0" bev="0" fileid="9" />
                <SequencePoint vc="0" uspid="51" ordinal="3" sl="51" sc="1" el="51" ec="2" bec="0" bev="0" fileid="9" />
                <SequencePoint vc="0" uspid="52" ordinal="4" sl="52" sc="1" el="52" ec="2" bec="0" bev="0" fileid="9" />
                <SequencePoint vc="0" uspid="53" ordinal="5" sl="53" sc="1" el="53" ec="2" bec="0" bev="0" fileid="9" />
                <SequencePoint vc="0" uspid="54" ordinal="6" sl="54" sc="1" el="54" ec="2" bec="0" bev="0" fileid="9" />
                <SequencePoint vc="0" uspid="55" ordinal="7" sl="55" sc="1" el="55" ec="2" bec="0" bev="0" fileid="9" />
                <SequencePoint vc="0" uspid="56" ordinal="8" sl="56" sc="1" el="56" ec="2" bec="0" bev="0" fileid="9" />
                <SequencePoint vc="0" uspid="57" ordinal="9" sl="57" sc="1" el="57" ec="2" bec="0" bev="0" fileid="9" />
                <SequencePoint vc="0" uspid="58" ordinal="10" sl="58" sc="1" el="58" ec="2" bec="0" bev="0" fileid="9" />
                <SequencePoint vc="0" uspid="60" ordinal="11" sl="60" sc="1" el="60" ec="2" bec="0" bev="0" fileid="9" />
                <SequencePoint vc="0" uspid="63" ordinal="12" sl="63" sc="1" el="63" ec="2" bec="0" bev="0" fileid="9" />
                <SequencePoint vc="0" uspid="64" ordinal="13" sl="64" sc="1" el="64" ec="2" bec="0" bev="0" fileid="9" />
                <SequencePoint vc="0" uspid="65" ordinal="14" sl="65" sc="1" el="65" ec="2" bec="0" bev="0" fileid="9" />
                <SequencePoint vc="0" uspid="66" ordinal="15" sl="66" sc="1" el="66" ec="2" bec="0" bev="0" fileid="9" />
                <SequencePoint vc="0" uspid="68" ordinal="16" sl="68" sc="1" el="68" ec="2" bec="0" bev="0" fileid="9" />
                <SequencePoint vc="0" uspid="69" ordinal="17" sl="69" sc="1" el="69" ec="2" bec="0" bev="0" fileid="9" />
                <SequencePoint vc="0" uspid="70" ordinal="18" sl="70" sc="1" el="70" ec="2" bec="0" bev="0" fileid="9" />
                <SequencePoint vc="0" uspid="71" ordinal="19" sl="71" sc="1" el="71" ec="2" bec="0" bev="0" fileid="9" />
                <SequencePoint vc="0" uspid="72" ordinal="20" sl="72" sc="1" el="72" ec="2" bec="0" bev="0" fileid="9" />
                <SequencePoint vc="0" uspid="73" ordinal="21" sl="73" sc="1" el="73" ec="2" bec="0" bev="0" fileid="9" />
                <SequencePoint vc="0" uspid="76" ordinal="22" sl="76" sc="1" el="76" ec="2" bec="0" bev="0" fileid="9" />
                <SequencePoint vc="0" uspid="77" ordinal="23" sl="77" sc="1" el="77" ec="2" bec="0" bev="0" fileid="9" />
                <SequencePoint vc="0" uspid="78" ordinal="24" sl="78" sc="1" el="78" ec="2" bec="0" bev="0" fileid="9" />
                <SequencePoint vc="0" uspid="79" ordinal="25" sl="79" sc="1" el="79" ec="2" bec="0" bev="0" fileid="9" />
                <SequencePoint vc="0" uspid="80" ordinal="26" sl="80" sc="1" el="80" ec="2" bec="0" bev="0" fileid="9" />
                <SequencePoint vc="0" uspid="83" ordinal="27" sl="83" sc="1" el="83" ec="2" bec="0" bev="0" fileid="9" />
                <SequencePoint vc="0" uspid="84" ordinal="28" sl="84" sc="1" el="84" ec="2" bec="0" bev="0" fileid="9" />
                <SequencePoint vc="0" uspid="86" ordinal="29" sl="86" sc="1" el="86" ec="2" bec="0" bev="0" fileid="9" />
                <SequencePoint vc="0" uspid="87" ordinal="30" sl="87" sc="1" el="87" ec="2" bec="0" bev="0" fileid="9" />
                <SequencePoint vc="0" uspid="89" ordinal="31" sl="89" sc="1" el="89" ec="2" bec="0" bev="0" fileid="9" />
                <SequencePoint vc="0" uspid="92" ordinal="32" sl="92" sc="1" el="92" ec="2" bec="0" bev="0" fileid="9" />
                <SequencePoint vc="0" uspid="93" ordinal="33" sl="93" sc="1" el="93" ec="2" bec="0" bev="0" fileid="9" />
                <SequencePoint vc="0" uspid="95" ordinal="34" sl="95" sc="1" el="95" ec="2" bec="0" bev="0" fileid="9" />
                <SequencePoint vc="0" uspid="96" ordinal="35" sl="96" sc="1" el="96" ec="2" bec="0" bev="0" fileid="9" />
                <SequencePoint vc="0" uspid="97" ordinal="36" sl="97" sc="1" el="97" ec="2" bec="0" bev="0" fileid="9" />
                <SequencePoint vc="0" uspid="98" ordinal="37" sl="98" sc="1" el="98" ec="2" bec="0" bev="0" fileid="9" />
                <SequencePoint vc="0" uspid="101" ordinal="38" sl="101" sc="1" el="101" ec="2" bec="0" bev="0" fileid="9" />
                <SequencePoint vc="0" uspid="102" ordinal="39" sl="102" sc="1" el="102" ec="2" bec="0" bev="0" fileid="9" />
              </SequencePoints>
              <BranchPoints>
                <BranchPoint vc="0" uspid="51" ordinal="1" path="1" offset="59" offsetend="34" sl="51" fileid="9" />
                <BranchPoint vc="0" uspid="51" ordinal="0" path="0" offset="59" offsetend="61" sl="51" fileid="9" />
                <BranchPoint vc="0" uspid="55" ordinal="3" path="1" offset="124" offsetend="97" sl="55" fileid="9" />
                <BranchPoint vc="0" uspid="55" ordinal="2" path="0" offset="124" offsetend="126" sl="55" fileid="9" />
                <BranchPoint vc="0" uspid="63" ordinal="15" path="1" offset="453" offsetend="163" sl="63" fileid="9" />
                <BranchPoint vc="0" uspid="68" ordinal="4" path="0" offset="227" offsetend="229" sl="68" fileid="9" />
                <BranchPoint vc="0" uspid="68" ordinal="5" path="1" offset="227" offsetend="285" sl="68" fileid="9" />
                <BranchPoint vc="0" uspid="76" ordinal="6" path="0" offset="293" offsetend="295" sl="76" fileid="9" />
                <BranchPoint vc="0" uspid="76" ordinal="7" path="1" offset="293" offsetend="306" sl="76" fileid="9" />
                <BranchPoint vc="0" uspid="76" ordinal="8" path="0" offset="311" offsetend="313" sl="76" fileid="9" />
                <BranchPoint vc="0" uspid="76" ordinal="9" path="1" offset="311" offsetend="342" sl="76" fileid="9" />
                <BranchPoint vc="0" uspid="83" ordinal="10" path="0" offset="354" offsetend="356" sl="83" fileid="9" />
                <BranchPoint vc="0" uspid="83" ordinal="11" path="1" offset="354" offsetend="384" sl="83" fileid="9" />
                <BranchPoint vc="0" uspid="92" ordinal="12" path="0" offset="397" offsetend="399" sl="92" fileid="9" />
                <BranchPoint vc="0" uspid="92" ordinal="13" path="1" offset="397" offsetend="445" sl="92" fileid="9" />
                <BranchPoint vc="0" uspid="63" ordinal="14" path="0" offset="453" offsetend="458" sl="63" fileid="9" />
              </BranchPoints>
              <MethodPoint vc="0" uspid="0" p8:type="SequencePoint" ordinal="1" offset="1" sc="0" sl="47" ec="1" el="102" bec="0" bev="0" fileid="9" xmlns:p8="xsi" />
            </Method>
            <Method cyclomaticComplexity="1" nPathComplexity="0" sequenceCoverage="0" branchCoverage="100" isConstructor="True" isGetter="False" isSetter="False" isStatic="True">
              <Summary numSequencePoints="5" visitedSequencePoints="0" numBranchPoints="0" visitedBranchPoints="0" sequenceCoverage="0" branchCoverage="100" maxCyclomaticComplexity="1" minCyclomaticComplexity="1" visitedClasses="0" numClasses="0" visitedMethods="0" numMethods="1" />
              <MetadataToken />
              <Name>System.Void NeoServer.Game.Commands.MapToMapMovementCommandHandler::.ctor(NeoServer.Game.Contracts.IMap,NeoServer.Server.Game)</Name>
              <FileRef uid="9" />
              <SequencePoints>
                <SequencePoint vc="0" uspid="21" ordinal="0" sl="21" sc="1" el="21" ec="2" bec="0" bev="0" fileid="9" />
                <SequencePoint vc="0" uspid="22" ordinal="1" sl="22" sc="1" el="22" ec="2" bec="0" bev="0" fileid="9" />
                <SequencePoint vc="0" uspid="23" ordinal="2" sl="23" sc="1" el="23" ec="2" bec="0" bev="0" fileid="9" />
                <SequencePoint vc="0" uspid="24" ordinal="3" sl="24" sc="1" el="24" ec="2" bec="0" bev="0" fileid="9" />
                <SequencePoint vc="0" uspid="25" ordinal="4" sl="25" sc="1" el="25" ec="2" bec="0" bev="0" fileid="9" />
              </SequencePoints>
              <BranchPoints />
              <MethodPoint vc="0" uspid="0" p8:type="SequencePoint" ordinal="2" offset="2" sc="0" sl="21" ec="1" el="25" bec="0" bev="0" fileid="9" xmlns:p8="xsi" />
            </Method>
          </Methods>
        </Class>
        <Class>
          <Summary numSequencePoints="10" visitedSequencePoints="0" numBranchPoints="0" visitedBranchPoints="0" sequenceCoverage="0" branchCoverage="100" maxCyclomaticComplexity="1" minCyclomaticComplexity="1" visitedClasses="0" numClasses="1" visitedMethods="0" numMethods="6" />
          <FullName>NeoServer.Game.Commands.PlayerLogInCommand</FullName>
          <Methods>
            <Method cyclomaticComplexity="1" nPathComplexity="0" sequenceCoverage="0" branchCoverage="100" isConstructor="False" isGetter="True" isSetter="False" isStatic="True">
              <Summary numSequencePoints="1" visitedSequencePoints="0" numBranchPoints="0" visitedBranchPoints="0" sequenceCoverage="0" branchCoverage="100" maxCyclomaticComplexity="1" minCyclomaticComplexity="1" visitedClasses="0" numClasses="0" visitedMethods="0" numMethods="1" />
              <MetadataToken />
              <Name>NeoServer.Server.Model.Players.PlayerModel NeoServer.Game.Commands.PlayerLogInCommand::get_PlayerRecord()</Name>
              <FileRef uid="10" />
              <SequencePoints>
                <SequencePoint vc="0" uspid="16" ordinal="0" sl="16" sc="1" el="16" ec="2" bec="0" bev="0" fileid="10" />
              </SequencePoints>
              <BranchPoints />
              <MethodPoint vc="0" uspid="0" p8:type="SequencePoint" ordinal="0" offset="0" sc="0" sl="16" ec="1" el="16" bec="0" bev="0" fileid="10" xmlns:p8="xsi" />
            </Method>
            <Method cyclomaticComplexity="1" nPathComplexity="0" sequenceCoverage="0" branchCoverage="100" isConstructor="False" isGetter="True" isSetter="False" isStatic="True">
              <Summary numSequencePoints="1" visitedSequencePoints="0" numBranchPoints="0" visitedBranchPoints="0" sequenceCoverage="0" branchCoverage="100" maxCyclomaticComplexity="1" minCyclomaticComplexity="1" visitedClasses="0" numClasses="0" visitedMethods="0" numMethods="1" />
              <MetadataToken />
              <Name>NeoServer.Server.Contracts.Network.IConnection NeoServer.Game.Commands.PlayerLogInCommand::get_Connection()</Name>
              <FileRef uid="10" />
              <SequencePoints>
                <SequencePoint vc="0" uspid="18" ordinal="0" sl="18" sc="1" el="18" ec="2" bec="0" bev="0" fileid="10" />
              </SequencePoints>
              <BranchPoints />
              <MethodPoint vc="0" uspid="0" p8:type="SequencePoint" ordinal="1" offset="1" sc="0" sl="18" ec="1" el="18" bec="0" bev="0" fileid="10" xmlns:p8="xsi" />
            </Method>
            <Method cyclomaticComplexity="1" nPathComplexity="0" sequenceCoverage="0" branchCoverage="100" isConstructor="False" isGetter="True" isSetter="False" isStatic="True">
              <Summary numSequencePoints="1" visitedSequencePoints="0" numBranchPoints="0" visitedBranchPoints="0" sequenceCoverage="0" branchCoverage="100" maxCyclomaticComplexity="1" minCyclomaticComplexity="1" visitedClasses="0" numClasses="0" visitedMethods="0" numMethods="1" />
              <MetadataToken />
              <Name>System.String NeoServer.Game.Commands.PlayerLogInCommand::get_EventId()</Name>
              <FileRef uid="10" />
              <SequencePoints>
                <SequencePoint vc="0" uspid="20" ordinal="0" sl="20" sc="1" el="20" ec="2" bec="0" bev="0" fileid="10" />
              </SequencePoints>
              <BranchPoints />
              <MethodPoint vc="0" uspid="0" p8:type="SequencePoint" ordinal="2" offset="2" sc="0" sl="20" ec="1" el="20" bec="0" bev="0" fileid="10" xmlns:p8="xsi" />
            </Method>
            <Method cyclomaticComplexity="1" nPathComplexity="0" sequenceCoverage="0" branchCoverage="100" isConstructor="False" isGetter="True" isSetter="False" isStatic="True">
              <Summary numSequencePoints="1" visitedSequencePoints="0" numBranchPoints="0" visitedBranchPoints="0" sequenceCoverage="0" branchCoverage="100" maxCyclomaticComplexity="1" minCyclomaticComplexity="1" visitedClasses="0" numClasses="0" visitedMethods="0" numMethods="1" />
              <MetadataToken />
              <Name>System.UInt32 NeoServer.Game.Commands.PlayerLogInCommand::get_RequestorId()</Name>
              <FileRef uid="10" />
              <SequencePoints>
                <SequencePoint vc="0" uspid="22" ordinal="0" sl="22" sc="1" el="22" ec="2" bec="0" bev="0" fileid="10" />
              </SequencePoints>
              <BranchPoints />
              <MethodPoint vc="0" uspid="0" p8:type="SequencePoint" ordinal="3" offset="3" sc="0" sl="22" ec="1" el="22" bec="0" bev="0" fileid="10" xmlns:p8="xsi" />
            </Method>
            <Method cyclomaticComplexity="1" nPathComplexity="0" sequenceCoverage="0" branchCoverage="100" isConstructor="False" isGetter="True" isSetter="False" isStatic="True">
              <Summary numSequencePoints="1" visitedSequencePoints="0" numBranchPoints="0" visitedBranchPoints="0" sequenceCoverage="0" branchCoverage="100" maxCyclomaticComplexity="1" minCyclomaticComplexity="1" visitedClasses="0" numClasses="0" visitedMethods="0" numMethods="1" />
              <MetadataToken />
              <Name>System.String NeoServer.Game.Commands.PlayerLogInCommand::get_ErrorMessage()</Name>
              <FileRef uid="10" />
              <SequencePoints>
                <SequencePoint vc="0" uspid="24" ordinal="0" sl="24" sc="1" el="24" ec="2" bec="0" bev="0" fileid="10" />
              </SequencePoints>
              <BranchPoints />
              <MethodPoint vc="0" uspid="0" p8:type="SequencePoint" ordinal="4" offset="4" sc="0" sl="24" ec="1" el="24" bec="0" bev="0" fileid="10" xmlns:p8="xsi" />
            </Method>
            <Method cyclomaticComplexity="1" nPathComplexity="0" sequenceCoverage="0" branchCoverage="100" isConstructor="True" isGetter="False" isSetter="False" isStatic="True">
              <Summary numSequencePoints="5" visitedSequencePoints="0" numBranchPoints="0" visitedBranchPoints="0" sequenceCoverage="0" branchCoverage="100" maxCyclomaticComplexity="1" minCyclomaticComplexity="1" visitedClasses="0" numClasses="0" visitedMethods="0" numMethods="1" />
              <MetadataToken />
              <Name>System.Void NeoServer.Game.Commands.PlayerLogInCommand::.ctor(NeoServer.Server.Model.Players.PlayerModel,NeoServer.Server.Contracts.Network.IConnection)</Name>
              <FileRef uid="10" />
              <SequencePoints>
                <SequencePoint vc="0" uspid="10" ordinal="0" sl="10" sc="1" el="10" ec="2" bec="0" bev="0" fileid="10" />
                <SequencePoint vc="0" uspid="11" ordinal="1" sl="11" sc="1" el="11" ec="2" bec="0" bev="0" fileid="10" />
                <SequencePoint vc="0" uspid="12" ordinal="2" sl="12" sc="1" el="12" ec="2" bec="0" bev="0" fileid="10" />
                <SequencePoint vc="0" uspid="13" ordinal="3" sl="13" sc="1" el="13" ec="2" bec="0" bev="0" fileid="10" />
                <SequencePoint vc="0" uspid="14" ordinal="4" sl="14" sc="1" el="14" ec="2" bec="0" bev="0" fileid="10" />
              </SequencePoints>
              <BranchPoints />
              <MethodPoint vc="0" uspid="0" p8:type="SequencePoint" ordinal="5" offset="5" sc="0" sl="10" ec="1" el="14" bec="0" bev="0" fileid="10" xmlns:p8="xsi" />
            </Method>
          </Methods>
        </Class>
        <Class>
          <Summary numSequencePoints="12" visitedSequencePoints="0" numBranchPoints="0" visitedBranchPoints="0" sequenceCoverage="0" branchCoverage="100" maxCyclomaticComplexity="1" minCyclomaticComplexity="1" visitedClasses="0" numClasses="1" visitedMethods="0" numMethods="2" />
          <FullName>NeoServer.Game.Commands.PlayerLogInCommandHandler</FullName>
          <Methods>
            <Method cyclomaticComplexity="1" nPathComplexity="0" sequenceCoverage="0" branchCoverage="100" isConstructor="False" isGetter="False" isSetter="False" isStatic="True">
              <Summary numSequencePoints="5" visitedSequencePoints="0" numBranchPoints="0" visitedBranchPoints="0" sequenceCoverage="0" branchCoverage="100" maxCyclomaticComplexity="1" minCyclomaticComplexity="1" visitedClasses="0" numClasses="0" visitedMethods="0" numMethods="1" />
              <MetadataToken />
              <Name>System.Void NeoServer.Game.Commands.PlayerLogInCommandHandler::AddPlayerToConnectionPool(NeoServer.Game.Commands.PlayerLogInCommand,NeoServer.Server.Model.Players.Contracts.IPlayer)</Name>
              <FileRef uid="11" />
              <SequencePoints>
                <SequencePoint vc="0" uspid="46" ordinal="0" sl="46" sc="1" el="46" ec="2" bec="0" bev="0" fileid="11" />
                <SequencePoint vc="0" uspid="47" ordinal="1" sl="47" sc="1" el="47" ec="2" bec="0" bev="0" fileid="11" />
                <SequencePoint vc="0" uspid="48" ordinal="2" sl="48" sc="1" el="48" ec="2" bec="0" bev="0" fileid="11" />
                <SequencePoint vc="0" uspid="49" ordinal="3" sl="49" sc="1" el="49" ec="2" bec="0" bev="0" fileid="11" />
                <SequencePoint vc="0" uspid="50" ordinal="4" sl="50" sc="1" el="50" ec="2" bec="0" bev="0" fileid="11" />
              </SequencePoints>
              <BranchPoints />
              <MethodPoint vc="0" uspid="0" p8:type="SequencePoint" ordinal="0" offset="0" sc="0" sl="46" ec="1" el="50" bec="0" bev="0" fileid="11" xmlns:p8="xsi" />
            </Method>
            <Method cyclomaticComplexity="1" nPathComplexity="0" sequenceCoverage="0" branchCoverage="100" isConstructor="True" isGetter="False" isSetter="False" isStatic="True">
              <Summary numSequencePoints="7" visitedSequencePoints="0" numBranchPoints="0" visitedBranchPoints="0" sequenceCoverage="0" branchCoverage="100" maxCyclomaticComplexity="1" minCyclomaticComplexity="1" visitedClasses="0" numClasses="0" visitedMethods="0" numMethods="1" />
              <MetadataToken />
              <Name>System.Void NeoServer.Game.Commands.PlayerLogInCommandHandler::.ctor(NeoServer.Server.Game,NeoServer.Game.Contracts.Creatures.ICreatureGameInstance,System.Func`2&lt;NeoServer.Server.Model.Players.PlayerModel,NeoServer.Server.Model.Players.Contracts.IPlayer&gt;,NeoServer.Game.Contracts.IMap)</Name>
              <FileRef uid="11" />
              <SequencePoints>
                <SequencePoint vc="0" uspid="23" ordinal="0" sl="23" sc="1" el="23" ec="2" bec="0" bev="0" fileid="11" />
                <SequencePoint vc="0" uspid="24" ordinal="1" sl="24" sc="1" el="24" ec="2" bec="0" bev="0" fileid="11" />
                <SequencePoint vc="0" uspid="25" ordinal="2" sl="25" sc="1" el="25" ec="2" bec="0" bev="0" fileid="11" />
                <SequencePoint vc="0" uspid="26" ordinal="3" sl="26" sc="1" el="26" ec="2" bec="0" bev="0" fileid="11" />
                <SequencePoint vc="0" uspid="27" ordinal="4" sl="27" sc="1" el="27" ec="2" bec="0" bev="0" fileid="11" />
                <SequencePoint vc="0" uspid="28" ordinal="5" sl="28" sc="1" el="28" ec="2" bec="0" bev="0" fileid="11" />
                <SequencePoint vc="0" uspid="29" ordinal="6" sl="29" sc="1" el="29" ec="2" bec="0" bev="0" fileid="11" />
              </SequencePoints>
              <BranchPoints />
              <MethodPoint vc="0" uspid="0" p8:type="SequencePoint" ordinal="1" offset="1" sc="0" sl="23" ec="1" el="29" bec="0" bev="0" fileid="11" xmlns:p8="xsi" />
            </Method>
          </Methods>
        </Class>
        <Class>
          <Summary numSequencePoints="6" visitedSequencePoints="0" numBranchPoints="0" visitedBranchPoints="0" sequenceCoverage="0" branchCoverage="100" maxCyclomaticComplexity="1" minCyclomaticComplexity="1" visitedClasses="0" numClasses="1" visitedMethods="0" numMethods="1" />
          <FullName>NeoServer.Game.Commands.PlayerLogInCommandHandler/&lt;Execute&gt;d__5</FullName>
          <Methods>
            <Method cyclomaticComplexity="1" nPathComplexity="0" sequenceCoverage="0" branchCoverage="100" isConstructor="False" isGetter="False" isSetter="False" isStatic="True">
              <Summary numSequencePoints="6" visitedSequencePoints="0" numBranchPoints="0" visitedBranchPoints="0" sequenceCoverage="0" branchCoverage="100" maxCyclomaticComplexity="1" minCyclomaticComplexity="1" visitedClasses="0" numClasses="0" visitedMethods="0" numMethods="1" />
              <MetadataToken />
              <Name>System.Void NeoServer.Game.Commands.PlayerLogInCommandHandler/&lt;Execute&gt;d__5::MoveNext()</Name>
              <FileRef uid="11" />
              <SequencePoints>
                <SequencePoint vc="0" uspid="32" ordinal="0" sl="32" sc="1" el="32" ec="2" bec="0" bev="0" fileid="11" />
                <SequencePoint vc="0" uspid="35" ordinal="1" sl="35" sc="1" el="35" ec="2" bec="0" bev="0" fileid="11" />
                <SequencePoint vc="0" uspid="37" ordinal="2" sl="37" sc="1" el="37" ec="2" bec="0" bev="0" fileid="11" />
                <SequencePoint vc="0" uspid="39" ordinal="3" sl="39" sc="1" el="39" ec="2" bec="0" bev="0" fileid="11" />
                <SequencePoint vc="0" uspid="41" ordinal="4" sl="41" sc="1" el="41" ec="2" bec="0" bev="0" fileid="11" />
                <SequencePoint vc="0" uspid="42" ordinal="5" sl="42" sc="1" el="42" ec="2" bec="0" bev="0" fileid="11" />
              </SequencePoints>
              <BranchPoints />
              <MethodPoint vc="0" uspid="0" p8:type="SequencePoint" ordinal="0" offset="0" sc="0" sl="32" ec="1" el="42" bec="0" bev="0" fileid="11" xmlns:p8="xsi" />
            </Method>
          </Methods>
        </Class>
        <Class>
          <Summary numSequencePoints="8" visitedSequencePoints="0" numBranchPoints="0" visitedBranchPoints="0" sequenceCoverage="0" branchCoverage="100" maxCyclomaticComplexity="1" minCyclomaticComplexity="1" visitedClasses="0" numClasses="1" visitedMethods="0" numMethods="5" />
          <FullName>NeoServer.Game.Commands.PlayerLogOutCommand</FullName>
          <Methods>
            <Method cyclomaticComplexity="1" nPathComplexity="0" sequenceCoverage="0" branchCoverage="100" isConstructor="False" isGetter="True" isSetter="False" isStatic="True">
              <Summary numSequencePoints="1" visitedSequencePoints="0" numBranchPoints="0" visitedBranchPoints="0" sequenceCoverage="0" branchCoverage="100" maxCyclomaticComplexity="1" minCyclomaticComplexity="1" visitedClasses="0" numClasses="0" visitedMethods="0" numMethods="1" />
              <MetadataToken />
[...]
              <FileRef uid="86" />
              <SequencePoints>
                <SequencePoint vc="0" uspid="14" ordinal="0" sl="14" sc="1" el="14" ec="2" bec="0" bev="0" fileid="86" />
              </SequencePoints>
              <BranchPoints />
              <MethodPoint vc="0" uspid="0" p8:type="SequencePoint" ordinal="2" offset="2" sc="0" sl="14" ec="1" el="14" bec="0" bev="0" fileid="86" xmlns:p8="xsi" />
            </Method>
            <Method cyclomaticComplexity="1" nPathComplexity="0" sequenceCoverage="0" branchCoverage="100" isConstructor="False" isGetter="True" isSetter="False" isStatic="True">
              <Summary numSequencePoints="1" visitedSequencePoints="0" numBranchPoints="0" visitedBranchPoints="0" sequenceCoverage="0" branchCoverage="100" maxCyclomaticComplexity="1" minCyclomaticComplexity="1" visitedClasses="0" numClasses="0" visitedMethods="0" numMethods="1" />
              <MetadataToken />
              <Name>System.Boolean NeoServer.Networking.Packets.Incoming.PlayerLogInPacket::get_GameMaster()</Name>
              <FileRef uid="86" />
              <SequencePoints>
                <SequencePoint vc="0" uspid="15" ordinal="0" sl="15" sc="1" el="15" ec="2" bec="0" bev="0" fileid="86" />
              </SequencePoints>
              <BranchPoints />
              <MethodPoint vc="0" uspid="0" p8:type="SequencePoint" ordinal="3" offset="3" sc="0" sl="15" ec="1" el="15" bec="0" bev="0" fileid="86" xmlns:p8="xsi" />
            </Method>
            <Method cyclomaticComplexity="1" nPathComplexity="0" sequenceCoverage="0" branchCoverage="100" isConstructor="False" isGetter="True" isSetter="False" isStatic="True">
              <Summary numSequencePoints="1" visitedSequencePoints="0" numBranchPoints="0" visitedBranchPoints="0" sequenceCoverage="0" branchCoverage="100" maxCyclomaticComplexity="1" minCyclomaticComplexity="1" visitedClasses="0" numClasses="0" visitedMethods="0" numMethods="1" />
              <MetadataToken />
              <Name>System.Byte[] NeoServer.Networking.Packets.Incoming.PlayerLogInPacket::get_GameServerNonce()</Name>
              <FileRef uid="86" />
              <SequencePoints>
                <SequencePoint vc="0" uspid="16" ordinal="0" sl="16" sc="1" el="16" ec="2" bec="0" bev="0" fileid="86" />
              </SequencePoints>
              <BranchPoints />
              <MethodPoint vc="0" uspid="0" p8:type="SequencePoint" ordinal="4" offset="4" sc="0" sl="16" ec="1" el="16" bec="0" bev="0" fileid="86" xmlns:p8="xsi" />
            </Method>
            <Method cyclomaticComplexity="1" nPathComplexity="0" sequenceCoverage="0" branchCoverage="100" isConstructor="True" isGetter="False" isSetter="False" isStatic="True">
              <Summary numSequencePoints="15" visitedSequencePoints="0" numBranchPoints="0" visitedBranchPoints="0" sequenceCoverage="0" branchCoverage="100" maxCyclomaticComplexity="1" minCyclomaticComplexity="1" visitedClasses="0" numClasses="0" visitedMethods="0" numMethods="1" />
              <MetadataToken />
              <Name>System.Void NeoServer.Networking.Packets.Incoming.PlayerLogInPacket::.ctor(NeoServer.Server.Contracts.Network.IReadOnlyNetworkMessage)</Name>
              <FileRef uid="86" />
              <SequencePoints>
                <SequencePoint vc="0" uspid="17" ordinal="0" sl="17" sc="1" el="17" ec="2" bec="0" bev="0" fileid="86" />
                <SequencePoint vc="0" uspid="18" ordinal="1" sl="18" sc="1" el="18" ec="2" bec="0" bev="0" fileid="86" />
                <SequencePoint vc="0" uspid="19" ordinal="2" sl="19" sc="1" el="19" ec="2" bec="0" bev="0" fileid="86" />
                <SequencePoint vc="0" uspid="20" ordinal="3" sl="20" sc="1" el="20" ec="2" bec="0" bev="0" fileid="86" />
                <SequencePoint vc="0" uspid="21" ordinal="4" sl="21" sc="1" el="21" ec="2" bec="0" bev="0" fileid="86" />
                <SequencePoint vc="0" uspid="25" ordinal="5" sl="25" sc="1" el="25" ec="2" bec="0" bev="0" fileid="86" />
                <SequencePoint vc="0" uspid="26" ordinal="6" sl="26" sc="1" el="26" ec="2" bec="0" bev="0" fileid="86" />
                <SequencePoint vc="0" uspid="27" ordinal="7" sl="27" sc="1" el="27" ec="2" bec="0" bev="0" fileid="86" />
                <SequencePoint vc="0" uspid="29" ordinal="8" sl="29" sc="1" el="29" ec="2" bec="0" bev="0" fileid="86" />
                <SequencePoint vc="0" uspid="31" ordinal="9" sl="31" sc="1" el="31" ec="2" bec="0" bev="0" fileid="86" />
                <SequencePoint vc="0" uspid="32" ordinal="10" sl="32" sc="1" el="32" ec="2" bec="0" bev="0" fileid="86" />
                <SequencePoint vc="0" uspid="33" ordinal="11" sl="33" sc="1" el="33" ec="2" bec="0" bev="0" fileid="86" />
                <SequencePoint vc="0" uspid="34" ordinal="12" sl="34" sc="1" el="34" ec="2" bec="0" bev="0" fileid="86" />
                <SequencePoint vc="0" uspid="35" ordinal="13" sl="35" sc="1" el="35" ec="2" bec="0" bev="0" fileid="86" />
                <SequencePoint vc="0" uspid="36" ordinal="14" sl="36" sc="1" el="36" ec="2" bec="0" bev="0" fileid="86" />
              </SequencePoints>
              <BranchPoints />
              <MethodPoint vc="0" uspid="0" p8:type="SequencePoint" ordinal="5" offset="5" sc="0" sl="17" ec="1" el="36" bec="0" bev="0" fileid="86" xmlns:p8="xsi" />
            </Method>
          </Methods>
        </Class>
      </Classes>
    </Module>
    <Module hash="AB205E8C-6906-47D8-BBCA-EB4380BFC0A3">
      <ModulePath>NeoServer.Server.Helpers.dll</ModulePath>
      <ModuleTime>2020-04-02T05:50:39</ModuleTime>
      <ModuleName>NeoServer.Server.Helpers</ModuleName>
      <Files>
        <File uid="87" fullPath="/home/caio/sources/neoserver/NeoServer.Server.Helpers/Extensions/Validation.cs" />
        <File uid="88" fullPath="/home/caio/sources/neoserver/NeoServer.Server.Helpers/ServerResourcesManager.cs" />
        <File uid="89" fullPath="/home/caio/sources/neoserver/NeoServer.Server.Helpers/Extensions/SortedListExtensions.cs" />
      </Files>
      <Classes>
        <Class>
          <Summary numSequencePoints="5" visitedSequencePoints="0" numBranchPoints="4" visitedBranchPoints="0" sequenceCoverage="0" branchCoverage="0" maxCyclomaticComplexity="4" minCyclomaticComplexity="4" visitedClasses="0" numClasses="1" visitedMethods="0" numMethods="1" />
          <FullName>Validation</FullName>
          <Methods>
            <Method cyclomaticComplexity="4" nPathComplexity="0" sequenceCoverage="0" branchCoverage="0" isConstructor="False" isGetter="False" isSetter="False" isStatic="True">
              <Summary numSequencePoints="5" visitedSequencePoints="0" numBranchPoints="4" visitedBranchPoints="0" sequenceCoverage="0" branchCoverage="0" maxCyclomaticComplexity="4" minCyclomaticComplexity="4" visitedClasses="0" numClasses="0" visitedMethods="0" numMethods="1" />
              <MetadataToken />
              <Name>System.Void Validation::ThrowIfNull(System.Object,System.String)</Name>
              <FileRef uid="87" />
              <SequencePoints>
                <SequencePoint vc="0" uspid="6" ordinal="0" sl="6" sc="1" el="6" ec="2" bec="0" bev="0" fileid="87" />
                <SequencePoint vc="0" uspid="7" ordinal="1" sl="7" sc="1" el="7" ec="2" bec="0" bev="0" fileid="87" />
                <SequencePoint vc="0" uspid="8" ordinal="2" sl="8" sc="1" el="8" ec="2" bec="0" bev="0" fileid="87" />
                <SequencePoint vc="0" uspid="9" ordinal="3" sl="9" sc="1" el="9" ec="2" bec="0" bev="0" fileid="87" />
                <SequencePoint vc="0" uspid="11" ordinal="4" sl="11" sc="1" el="11" ec="2" bec="0" bev="0" fileid="87" />
              </SequencePoints>
              <BranchPoints>
                <BranchPoint vc="0" uspid="7" ordinal="0" path="0" offset="7" offsetend="9" sl="7" fileid="87" />
                <BranchPoint vc="0" uspid="9" ordinal="2" path="0" offset="12" offsetend="14" sl="9" fileid="87" />
                <BranchPoint vc="0" uspid="9" ordinal="3" path="1" offset="12" offsetend="20" sl="9" fileid="87" />
                <BranchPoint vc="0" uspid="7" ordinal="1" path="1" offset="7" offsetend="26" sl="7" fileid="87" />
              </BranchPoints>
              <MethodPoint vc="0" uspid="0" p8:type="SequencePoint" ordinal="0" offset="0" sc="0" sl="6" ec="1" el="11" bec="0" bev="0" fileid="87" xmlns:p8="xsi" />
            </Method>
          </Methods>
        </Class>
        <Class>
          <Summary numSequencePoints="20" visitedSequencePoints="0" numBranchPoints="0" visitedBranchPoints="0" sequenceCoverage="0" branchCoverage="100" maxCyclomaticComplexity="1" minCyclomaticComplexity="1" visitedClasses="0" numClasses="1" visitedMethods="0" numMethods="4" />
          <FullName>NeoServer.Server.Helpers.ServerResourcesManager</FullName>
          <Methods>
            <Method cyclomaticComplexity="1" nPathComplexity="0" sequenceCoverage="0" branchCoverage="100" isConstructor="False" isGetter="False" isSetter="False" isStatic="True">
              <Summary numSequencePoints="5" visitedSequencePoints="0" numBranchPoints="0" visitedBranchPoints="0" sequenceCoverage="0" branchCoverage="100" maxCyclomaticComplexity="1" minCyclomaticComplexity="1" visitedClasses="0" numClasses="0" visitedMethods="0" numMethods="1" />
              <MetadataToken />
              <Name>System.Byte[] NeoServer.Server.Helpers.ServerResourcesManager::GetMap()</Name>
              <FileRef uid="88" />
              <SequencePoints>
                <SequencePoint vc="0" uspid="16" ordinal="0" sl="16" sc="1" el="16" ec="2" bec="0" bev="0" fileid="88" />
                <SequencePoint vc="0" uspid="17" ordinal="1" sl="17" sc="1" el="17" ec="2" bec="0" bev="0" fileid="88" />
                <SequencePoint vc="0" uspid="18" ordinal="2" sl="18" sc="1" el="18" ec="2" bec="0" bev="0" fileid="88" />
                <SequencePoint vc="0" uspid="19" ordinal="3" sl="19" sc="1" el="19" ec="2" bec="0" bev="0" fileid="88" />
                <SequencePoint vc="0" uspid="20" ordinal="4" sl="20" sc="1" el="20" ec="2" bec="0" bev="0" fileid="88" />
              </SequencePoints>
              <BranchPoints />
              <MethodPoint vc="0" uspid="0" p8:type="SequencePoint" ordinal="0" offset="0" sc="0" sl="16" ec="1" el="20" bec="0" bev="0" fileid="88" xmlns:p8="xsi" />
            </Method>
            <Method cyclomaticComplexity="1" nPathComplexity="0" sequenceCoverage="0" branchCoverage="100" isConstructor="False" isGetter="False" isSetter="False" isStatic="True">
              <Summary numSequencePoints="4" visitedSequencePoints="0" numBranchPoints="0" visitedBranchPoints="0" sequenceCoverage="0" branchCoverage="100" maxCyclomaticComplexity="1" minCyclomaticComplexity="1" visitedClasses="0" numClasses="0" visitedMethods="0" numMethods="1" />
              <MetadataToken />
              <Name>System.IO.Stream NeoServer.Server.Helpers.ServerResourcesManager::GetItems(System.String)</Name>
              <FileRef uid="88" />
              <SequencePoints>
                <SequencePoint vc="0" uspid="23" ordinal="0" sl="23" sc="1" el="23" ec="2" bec="0" bev="0" fileid="88" />
                <SequencePoint vc="0" uspid="24" ordinal="1" sl="24" sc="1" el="24" ec="2" bec="0" bev="0" fileid="88" />
                <SequencePoint vc="0" uspid="25" ordinal="2" sl="25" sc="1" el="25" ec="2" bec="0" bev="0" fileid="88" />
                <SequencePoint vc="0" uspid="26" ordinal="3" sl="26" sc="1" el="26" ec="2" bec="0" bev="0" fileid="88" />
              </SequencePoints>
              <BranchPoints />
              <MethodPoint vc="0" uspid="0" p8:type="SequencePoint" ordinal="1" offset="1" sc="0" sl="23" ec="1" el="26" bec="0" bev="0" fileid="88" xmlns:p8="xsi" />
            </Method>
            <Method cyclomaticComplexity="1" nPathComplexity="0" sequenceCoverage="0" branchCoverage="100" isConstructor="False" isGetter="False" isSetter="False" isStatic="True">
              <Summary numSequencePoints="5" visitedSequencePoints="0" numBranchPoints="0" visitedBranchPoints="0" sequenceCoverage="0" branchCoverage="100" maxCyclomaticComplexity="1" minCyclomaticComplexity="1" visitedClasses="0" numClasses="0" visitedMethods="0" numMethods="1" />
              <MetadataToken />
              <Name>System.Byte[] NeoServer.Server.Helpers.ServerResourcesManager::GetItemsBytes(System.String)</Name>
              <FileRef uid="88" />
              <SequencePoints>
                <SequencePoint vc="0" uspid="29" ordinal="0" sl="29" sc="1" el="29" ec="2" bec="0" bev="0" fileid="88" />
                <SequencePoint vc="0" uspid="30" ordinal="1" sl="30" sc="1" el="30" ec="2" bec="0" bev="0" fileid="88" />
                <SequencePoint vc="0" uspid="31" ordinal="2" sl="31" sc="1" el="31" ec="2" bec="0" bev="0" fileid="88" />
                <SequencePoint vc="0" uspid="32" ordinal="3" sl="32" sc="1" el="32" ec="2" bec="0" bev="0" fileid="88" />
                <SequencePoint vc="0" uspid="33" ordinal="4" sl="33" sc="1" el="33" ec="2" bec="0" bev="0" fileid="88" />
              </SequencePoints>
              <BranchPoints />
              <MethodPoint vc="0" uspid="0" p8:type="SequencePoint" ordinal="2" offset="2" sc="0" sl="29" ec="1" el="33" bec="0" bev="0" fileid="88" xmlns:p8="xsi" />
            </Method>
            <Method cyclomaticComplexity="1" nPathComplexity="0" sequenceCoverage="0" branchCoverage="100" isConstructor="False" isGetter="False" isSetter="False" isStatic="True">
              <Summary numSequencePoints="6" visitedSequencePoints="0" numBranchPoints="0" visitedBranchPoints="0" sequenceCoverage="0" branchCoverage="100" maxCyclomaticComplexity="1" minCyclomaticComplexity="1" visitedClasses="0" numClasses="0" visitedMethods="0" numMethods="1" />
              <MetadataToken />
              <Name>System.Byte[] NeoServer.Server.Helpers.ServerResourcesManager::ReadFully(System.IO.Stream)</Name>
              <FileRef uid="88" />
              <SequencePoints>
                <SequencePoint vc="0" uspid="36" ordinal="0" sl="36" sc="1" el="36" ec="2" bec="0" bev="0" fileid="88" />
                <SequencePoint vc="0" uspid="37" ordinal="1" sl="37" sc="1" el="37" ec="2" bec="0" bev="0" fileid="88" />
                <SequencePoint vc="0" uspid="38" ordinal="2" sl="38" sc="1" el="38" ec="2" bec="0" bev="0" fileid="88" />
                <SequencePoint vc="0" uspid="39" ordinal="3" sl="39" sc="1" el="39" ec="2" bec="0" bev="0" fileid="88" />
                <SequencePoint vc="0" uspid="40" ordinal="4" sl="40" sc="1" el="40" ec="2" bec="0" bev="0" fileid="88" />
                <SequencePoint vc="0" uspid="42" ordinal="5" sl="42" sc="1" el="42" ec="2" bec="0" bev="0" fileid="88" />
              </SequencePoints>
              <BranchPoints />
              <MethodPoint vc="0" uspid="0" p8:type="SequencePoint" ordinal="3" offset="3" sc="0" sl="36" ec="1" el="42" bec="0" bev="0" fileid="88" xmlns:p8="xsi" />
            </Method>
          </Methods>
        </Class>
        <Class>
          <Summary numSequencePoints="11" visitedSequencePoints="0" numBranchPoints="0" visitedBranchPoints="0" sequenceCoverage="0" branchCoverage="100" maxCyclomaticComplexity="1" minCyclomaticComplexity="1" visitedClasses="0" numClasses="1" visitedMethods="0" numMethods="3" />
          <FullName>NeoServer.Server.Helpers.Extensions.SortedListExtensions</FullName>
          <Methods>
            <Method cyclomaticComplexity="1" nPathComplexity="0" sequenceCoverage="0" branchCoverage="100" isConstructor="False" isGetter="False" isSetter="False" isStatic="True">
              <Summary numSequencePoints="3" visitedSequencePoints="0" numBranchPoints="0" visitedBranchPoints="0" sequenceCoverage="0" branchCoverage="100" maxCyclomaticComplexity="1" minCyclomaticComplexity="1" visitedClasses="0" numClasses="0" visitedMethods="0" numMethods="1" />
              <MetadataToken />
              <Name>System.Boolean NeoServer.Server.Helpers.Extensions.SortedListExtensions::IsEmpty(System.Collections.Generic.SortedList`2&lt;TKey,TValue&gt;)</Name>
              <FileRef uid="89" />
              <SequencePoints>
                <SequencePoint vc="0" uspid="16" ordinal="0" sl="16" sc="1" el="16" ec="2" bec="0" bev="0" fileid="89" />
                <SequencePoint vc="0" uspid="17" ordinal="1" sl="17" sc="1" el="17" ec="2" bec="0" bev="0" fileid="89" />
                <SequencePoint vc="0" uspid="18" ordinal="2" sl="18" sc="1" el="18" ec="2" bec="0" bev="0" fileid="89" />
              </SequencePoints>
              <BranchPoints />
              <MethodPoint vc="0" uspid="0" p8:type="SequencePoint" ordinal="0" offset="0" sc="0" sl="16" ec="1" el="18" bec="0" bev="0" fileid="89" xmlns:p8="xsi" />
            </Method>
            <Method cyclomaticComplexity="1" nPathComplexity="0" sequenceCoverage="0" branchCoverage="100" isConstructor="False" isGetter="False" isSetter="False" isStatic="True">
              <Summary numSequencePoints="3" visitedSequencePoints="0" numBranchPoints="0" visitedBranchPoints="0" sequenceCoverage="0" branchCoverage="100" maxCyclomaticComplexity="1" minCyclomaticComplexity="1" visitedClasses="0" numClasses="0" visitedMethods="0" numMethods="1" />
              <MetadataToken />
              <Name>System.Void NeoServer.Server.Helpers.Extensions.SortedListExtensions::Add(System.Collections.Generic.SortedList`2&lt;System.Int32,NeoServer.Game.Contracts.INode&gt;,NeoServer.Game.Contracts.INode)</Name>
              <FileRef uid="89" />
              <SequencePoints>
                <SequencePoint vc="0" uspid="26" ordinal="0" sl="26" sc="1" el="26" ec="2" bec="0" bev="0" fileid="89" />
                <SequencePoint vc="0" uspid="27" ordinal="1" sl="27" sc="1" el="27" ec="2" bec="0" bev="0" fileid="89" />
                <SequencePoint vc="0" uspid="28" ordinal="2" sl="28" sc="1" el="28" ec="2" bec="0" bev="0" fileid="89" />
              </SequencePoints>
              <BranchPoints />
              <MethodPoint vc="0" uspid="0" p8:type="SequencePoint" ordinal="1" offset="1" sc="0" sl="26" ec="1" el="28" bec="0" bev="0" fileid="89" xmlns:p8="xsi" />
            </Method>
            <Method cyclomaticComplexity="1" nPathComplexity="0" sequenceCoverage="0" branchCoverage="100" isConstructor="False" isGetter="False" isSetter="False" isStatic="True">
              <Summary numSequencePoints="5" visitedSequencePoints="0" numBranchPoints="0" visitedBranchPoints="0" sequenceCoverage="0" branchCoverage="100" maxCyclomaticComplexity="1" minCyclomaticComplexity="1" visitedClasses="0" numClasses="0" visitedMethods="0" numMethods="1" />
              <MetadataToken />
              <Name>NeoServer.Game.Contracts.INode NeoServer.Server.Helpers.Extensions.SortedListExtensions::Pop(System.Collections.Generic.SortedList`2&lt;System.Int32,NeoServer.Game.Contracts.INode&gt;)</Name>
              <FileRef uid="89" />
              <SequencePoints>
                <SequencePoint vc="0" uspid="36" ordinal="0" sl="36" sc="1" el="36" ec="2" bec="0" bev="0" fileid="89" />
                <SequencePoint vc="0" uspid="37" ordinal="1" sl="37" sc="1" el="37" ec="2" bec="0" bev="0" fileid="89" />
                <SequencePoint vc="0" uspid="38" ordinal="2" sl="38" sc="1" el="38" ec="2" bec="0" bev="0" fileid="89" />
                <SequencePoint vc="0" uspid="39" ordinal="3" sl="39" sc="1" el="39" ec="2" bec="0" bev="0" fileid="89" />
                <SequencePoint vc="0" uspid="40" ordinal="4" sl="40" sc="1" el="40" ec="2" bec="0" bev="0" fileid="89" />
              </SequencePoints>
              <BranchPoints />
              <MethodPoint vc="0" uspid="0" p8:type="SequencePoint" ordinal="2" offset="2" sc="0" sl="36" ec="1" el="40" bec="0" bev="0" fileid="89" xmlns:p8="xsi" />
            </Method>
          </Methods>
        </Class>
      </Classes>
    </Module>
  </Modules>
</CoverageSession>